Timestamp                       Thread     Type        Activity             PID    TTL
2026-04-08 10:13:35.280236+0200 0x133abde  Default     0x7975b3             21374  0    usbsmartcardreaderd: (CryptoTokenKit) [com.apple.CryptoTokenKit:APDULog] APDU -> 00 a4 04 0c 0b a0 00 00 00 18 80 00 00 00 06 62
2026-04-08 10:13:35.282058+0200 0x133abde  Default     0x7975b3             21374  0    usbsmartcardreaderd: (CryptoTokenKit) [com.apple.CryptoTokenKit:APDULog] APDU <- 69 99
2026-04-08 10:13:35.282246+0200 0x133abde  Default     0x7975b3             21374  0    usbsmartcardreaderd: (CryptoTokenKit) [com.apple.CryptoTokenKit:APDULog] APDU -> 00 a4 04 00 07 62 76 01 ff 00 00 00
2026-04-08 10:13:35.283893+0200 0x133abde  Default     0x7975b3             21374  0    usbsmartcardreaderd: (CryptoTokenKit) [com.apple.CryptoTokenKit:APDULog] APDU <- 69 99
2026-04-08 10:13:35.284477+0200 0x133abde  Default     0x7975b3             21374  0    usbsmartcardreaderd: (CryptoTokenKit) [com.apple.CryptoTokenKit:APDULog] APDU -> 00 a4 04 00 06 a0 00 00 00 01 01
2026-04-08 10:13:35.286117+0200 0x133abde  Default     0x7975b3             21374  0    usbsmartcardreaderd: (CryptoTokenKit) [com.apple.CryptoTokenKit:APDULog] APDU <- 69 99
2026-04-08 10:13:35.286308+0200 0x133abde  Default     0x7975b3             21374  0    usbsmartcardreaderd: (CryptoTokenKit) [com.apple.CryptoTokenKit:APDULog] APDU -> 00 a4 04 00 0b e8 2b 06 01 04 01 81 c3 1f 02 01 00
2026-04-08 10:13:35.288177+0200 0x133abde  Default     0x7975b3             21374  0    usbsmartcardreaderd: (CryptoTokenKit) [com.apple.CryptoTokenKit:APDULog] APDU <- 69 99
2026-04-08 10:13:35.288331+0200 0x133abde  Default     0x7975b3             21374  0    usbsmartcardreaderd: (CryptoTokenKit) [com.apple.CryptoTokenKit:APDULog] APDU -> 00 ca df 30 05
2026-04-08 10:13:35.289542+0200 0x133abde  Default     0x7975b3             21374  0    usbsmartcardreaderd: (CryptoTokenKit) [com.apple.CryptoTokenKit:APDULog] APDU <- 69 99
2026-04-08 10:13:35.289698+0200 0x133abde  Default     0x7975b3             21374  0    usbsmartcardreaderd: (CryptoTokenKit) [com.apple.CryptoTokenKit:APDULog] APDU -> 00 a4 04 00 09 a0 00 00 03 08 00 00 10 00 00
2026-04-08 10:13:35.315682+0200 0x133abde  Default     0x7975b3             21374  0    usbsmartcardreaderd: (CryptoTokenKit) [com.apple.CryptoTokenKit:APDULog] APDU <- 61 11 4f 06 00 00 10 00 01 00 79 07 4f 05 a0 00 00 03 08 90 00
2026-04-08 10:13:35.316156+0200 0x133abde  Default     0x7975b3             21374  0    usbsmartcardreaderd: (CryptoTokenKit) [com.apple.CryptoTokenKit:APDULog] APDU -> 00 cb 3f ff 05 5c 03 5f c1 07 00
2026-04-08 10:13:35.375640+0200 0x133abde  Default     0x7975b3             21374  0    usbsmartcardreaderd: (CryptoTokenKit) [com.apple.CryptoTokenKit:APDULog] APDU <- 6a 80
2026-04-08 10:13:35.375901+0200 0x133abde  Default     0x7975b3             21374  0    usbsmartcardreaderd: (CryptoTokenKit) [com.apple.CryptoTokenKit:APDULog] APDU -> 00 cb 3f ff 03 5c 01 7e 00
2026-04-08 10:13:35.422752+0200 0x133abde  Default     0x7975b3             21374  0    usbsmartcardreaderd: (CryptoTokenKit) [com.apple.CryptoTokenKit:APDULog] APDU <- 7e 12 4f 0b a0 00 00 03 08 00 00 10 00 01 00 5f 2f 02 58 00 90 00
2026-04-08 10:13:35.423061+0200 0x133abde  Default     0x7975b3             21374  0    usbsmartcardreaderd: (CryptoTokenKit) [com.apple.CryptoTokenKit:APDULog] APDU -> 00 cb 3f ff 05 5c 03 5f c1 0c 00
2026-04-08 10:13:35.488069+0200 0x133abde  Default     0x7975b3             21374  0    usbsmartcardreaderd: (CryptoTokenKit) [com.apple.CryptoTokenKit:APDULog] APDU <- 6a 80
2026-04-08 10:13:35.488938+0200 0x133abde  Default     0x7975b3             21374  0    usbsmartcardreaderd: (CryptoTokenKit) [com.apple.CryptoTokenKit:APDULog] APDU -> 00 cb 3f ff 03 5c 01 7e 00
2026-04-08 10:13:35.534246+0200 0x133abde  Default     0x7975b3             21374  0    usbsmartcardreaderd: (CryptoTokenKit) [com.apple.CryptoTokenKit:APDULog] APDU <- 7e 12 4f 0b a0 00 00 03 08 00 00 10 00 01 00 5f 2f 02 58 00 90 00
2026-04-08 10:13:35.534798+0200 0x133abde  Default     0x7975b3             21374  0    usbsmartcardreaderd: (CryptoTokenKit) [com.apple.CryptoTokenKit:APDULog] APDU -> 00 cb 3f ff 05 5c 03 5f c1 02 00
2026-04-08 10:13:35.606041+0200 0x133abde  Default     0x7975b3             21374  0    usbsmartcardreaderd: (CryptoTokenKit) [com.apple.CryptoTokenKit:APDULog] APDU <- 53 3b 30 19 d4 e7 39 da 73 9c ed 39 ce 73 9d 83 68 58 21 08 42 10 84 36 cf 08 d1 43 eb 34 10 c2 c5 67 da fd 79 a7 da a3 3c 98 d4 93 a2 5d 87 35 08 32 30 33 36 30 34 30 31 3e 00 fe 00 90 00
2026-04-08 10:13:35.606661+0200 0x133abde  Default     0x7975b3             21374  0    usbsmartcardreaderd: (CryptoTokenKit) [com.apple.CryptoTokenKit:APDULog] APDU -> 00 cb 3f ff 05 5c 03 5f c1 05 00
2026-04-08 10:13:35.659848+0200 0x133abde  Default     0x7975b3             21374  0    usbsmartcardreaderd: (CryptoTokenKit) [com.apple.CryptoTokenKit:APDULog] APDU <- 6a 80
2026-04-08 10:13:35.660303+0200 0x133abde  Default     0x7975b3             21374  0    usbsmartcardreaderd: (CryptoTokenKit) [com.apple.CryptoTokenKit:APDULog] APDU -> 00 cb 3f ff 05 5c 03 5f c1 0a 00
2026-04-08 10:13:35.710075+0200 0x133abde  Default     0x7975b3             21374  0    usbsmartcardreaderd: (CryptoTokenKit) [com.apple.CryptoTokenKit:APDULog] APDU <- 6a 80
2026-04-08 10:13:35.710554+0200 0x133abde  Default     0x7975b3             21374  0    usbsmartcardreaderd: (CryptoTokenKit) [com.apple.CryptoTokenKit:APDULog] APDU -> 00 cb 3f ff 05 5c 03 5f c1 0b 00
2026-04-08 10:13:35.773723+0200 0x133abde  Default     0x7975b3             21374  0    usbsmartcardreaderd: (CryptoTokenKit) [com.apple.CryptoTokenKit:APDULog] APDU <- 6a 80
2026-04-08 10:13:35.774061+0200 0x133abde  Default     0x7975b3             21374  0    usbsmartcardreaderd: (CryptoTokenKit) [com.apple.CryptoTokenKit:APDULog] APDU -> 00 cb 3f ff 05 5c 03 5f c1 01 00
2026-04-08 10:13:35.824929+0200 0x133abde  Default     0x7975b3             21374  0    usbsmartcardreaderd: (CryptoTokenKit) [com.apple.CryptoTokenKit:APDULog] APDU <- 6a 80
2026-04-08 10:13:35.825365+0200 0x133abde  Default     0x7975b3             21374  0    usbsmartcardreaderd: (CryptoTokenKit) [com.apple.CryptoTokenKit:APDULog] APDU -> 00 cb 3f ff 05 5c 03 5f c1 22 00
2026-04-08 10:13:35.866520+0200 0x133abde  Default     0x7975b3             21374  0    usbsmartcardreaderd: (CryptoTokenKit) [com.apple.CryptoTokenKit:APDULog] APDU <- 6a 80
2026-04-08 10:13:35.870734+0200 0x133abde  Default     0x793fc3             21374  0    usbsmartcardreaderd: (CryptoTokenKit) [com.apple.CryptoTokenKit:APDULog] APDU -> 00 a4 04 00 0b a0 00 00 03 08 00 00 10 00 01 00
2026-04-08 10:13:35.885727+0200 0x133abde  Default     0x793fc3             21374  0    usbsmartcardreaderd: (CryptoTokenKit) [com.apple.CryptoTokenKit:APDULog] APDU <- 61 11 4f 06 00 00 10 00 01 00 79 07 4f 05 a0 00 00 03 08 90 00
2026-04-08 10:13:35.934413+0200 0x133abde  Default     0x797663             21374  0    usbsmartcardreaderd: (CryptoTokenKit) [com.apple.CryptoTokenKit:APDULog] APDU -> 00 a4 04 00 0b a0 00 00 03 08 00 00 10 00 01 00
2026-04-08 10:13:35.941835+0200 0x133abde  Default     0x797663             21374  0    usbsmartcardreaderd: (CryptoTokenKit) [com.apple.CryptoTokenKit:APDULog] APDU <- 61 11 4f 06 00 00 10 00 01 00 79 07 4f 05 a0 00 00 03 08 90 00
2026-04-08 10:13:35.942084+0200 0x133abde  Default     0x797663             21374  0    usbsmartcardreaderd: (CryptoTokenKit) [com.apple.CryptoTokenKit:APDULog] APDU -> 00 cb 3f ff 05 5c 03 5f c1 02 00
2026-04-08 10:13:36.013578+0200 0x133abde  Default     0x797663             21374  0    usbsmartcardreaderd: (CryptoTokenKit) [com.apple.CryptoTokenKit:APDULog] APDU <- 53 3b 30 19 d4 e7 39 da 73 9c ed 39 ce 73 9d 83 68 58 21 08 42 10 84 36 cf 08 d1 43 eb 34 10 c2 c5 67 da fd 79 a7 da a3 3c 98 d4 93 a2 5d 87 35 08 32 30 33 36 30 34 30 31 3e 00 fe 00 90 00
2026-04-08 10:13:36.014677+0200 0x133abde  Default     0x797663             21374  0    usbsmartcardreaderd: (CryptoTokenKit) [com.apple.CryptoTokenKit:APDULog] APDU -> 00 cb 3f ff 05 5c 03 5f c1 0c 00
2026-04-08 10:13:36.058208+0200 0x133abde  Default     0x797663             21374  0    usbsmartcardreaderd: (CryptoTokenKit) [com.apple.CryptoTokenKit:APDULog] APDU <- 6a 80
2026-04-08 10:13:36.060001+0200 0x133abde  Default     0x797663             21374  0    usbsmartcardreaderd: (CryptoTokenKit) [com.apple.CryptoTokenKit:APDULog] APDU -> 00 cb 3f ff 05 5c 03 5f c1 05 00
2026-04-08 10:13:36.111405+0200 0x133abde  Default     0x797663             21374  0    usbsmartcardreaderd: (CryptoTokenKit) [com.apple.CryptoTokenKit:APDULog] APDU <- 6a 80
2026-04-08 10:13:36.111929+0200 0x133abde  Default     0x797663             21374  0    usbsmartcardreaderd: (CryptoTokenKit) [com.apple.CryptoTokenKit:APDULog] APDU -> 00 cb 3f ff 05 5c 03 5f c1 01 00
2026-04-08 10:13:36.174821+0200 0x133abde  Default     0x797663             21374  0    usbsmartcardreaderd: (CryptoTokenKit) [com.apple.CryptoTokenKit:APDULog] APDU <- 6a 80
2026-04-08 10:13:36.175278+0200 0x133abde  Default     0x797663             21374  0    usbsmartcardreaderd: (CryptoTokenKit) [com.apple.CryptoTokenKit:APDULog] APDU -> 00 cb 3f ff 05 5c 03 5f c1 0a 00
2026-04-08 10:13:36.226784+0200 0x133abde  Default     0x797663             21374  0    usbsmartcardreaderd: (CryptoTokenKit) [com.apple.CryptoTokenKit:APDULog] APDU <- 6a 80
2026-04-08 10:13:36.227196+0200 0x133abde  Default     0x797663             21374  0    usbsmartcardreaderd: (CryptoTokenKit) [com.apple.CryptoTokenKit:APDULog] APDU -> 00 cb 3f ff 05 5c 03 5f c1 0b 00
2026-04-08 10:13:36.276608+0200 0x133abde  Default     0x797663             21374  0    usbsmartcardreaderd: (CryptoTokenKit) [com.apple.CryptoTokenKit:APDULog] APDU <- 6a 80
2026-04-08 10:13:37.572274+0200 0x133abde  Default     0x7976f3             21374  0    usbsmartcardreaderd: (CryptoTokenKit) [com.apple.CryptoTokenKit:APDULog] APDU -> 00 cb 3f ff 03 5c 01 7e 00
2026-04-08 10:13:37.619378+0200 0x133abde  Default     0x7976f3             21374  0    usbsmartcardreaderd: (CryptoTokenKit) [com.apple.CryptoTokenKit:APDULog] APDU <- 7e 12 4f 0b a0 00 00 03 08 00 00 10 00 01 00 5f 2f 02 58 00 90 00
2026-04-08 10:13:37.620190+0200 0x133abde  Default     0x7976f3             21374  0    usbsmartcardreaderd: (CryptoTokenKit) [com.apple.CryptoTokenKit:APDULog] APDU -> 00 cb 3f ff 05 5c 03 ff f3 02 00
2026-04-08 10:13:37.671675+0200 0x133abde  Default     0x7976f3             21374  0    usbsmartcardreaderd: (CryptoTokenKit) [com.apple.CryptoTokenKit:APDULog] APDU <- 53 3b 30 19 d4 e7 39 da 73 9c ed 39 ce 73 9d 83 68 58 21 08 42 10 84 36 cf 08 d1 43 eb 34 10 c2 c5 67 da fd 79 a7 da a3 3c 98 d4 93 a2 5d 87 35 08 32 30 33 36 30 34 30 31 3e 00 fe 00 90 00
2026-04-08 10:13:37.673315+0200 0x133abde  Default     0x7976f3             21374  0    usbsmartcardreaderd: (CryptoTokenKit) [com.apple.CryptoTokenKit:APDULog] APDU -> 00 cb 3f ff 05 5c 03 ff f3 02 00
2026-04-08 10:13:37.729213+0200 0x133abde  Default     0x7976f3             21374  0    usbsmartcardreaderd: (CryptoTokenKit) [com.apple.CryptoTokenKit:APDULog] APDU <- 53 3b 30 19 d4 e7 39 da 73 9c ed 39 ce 73 9d 83 68 58 21 08 42 10 84 36 cf 08 d1 43 eb 34 10 c2 c5 67 da fd 79 a7 da a3 3c 98 d4 93 a2 5d 87 35 08 32 30 33 36 30 34 30 31 3e 00 fe 00 90 00
2026-04-08 10:13:37.729694+0200 0x133abde  Default     0x7976f3             21374  0    usbsmartcardreaderd: (CryptoTokenKit) [com.apple.CryptoTokenKit:APDULog] APDU -> 00 cb 3f ff 05 5c 03 ff f3 05 00
2026-04-08 10:13:37.763215+0200 0x133abde  Default     0x7976f3             21374  0    usbsmartcardreaderd: (CryptoTokenKit) [com.apple.CryptoTokenKit:APDULog] APDU <- 6a 80
2026-04-08 10:13:37.763631+0200 0x133abde  Default     0x7976f3             21374  0    usbsmartcardreaderd: (CryptoTokenKit) [com.apple.CryptoTokenKit:APDULog] APDU -> 00 cb 3f ff 05 5c 03 ff f3 0a 00
2026-04-08 10:13:37.795264+0200 0x133abde  Default     0x7976f3             21374  0    usbsmartcardreaderd: (CryptoTokenKit) [com.apple.CryptoTokenKit:APDULog] APDU <- 6a 80
2026-04-08 10:13:37.795667+0200 0x133abde  Default     0x7976f3             21374  0    usbsmartcardreaderd: (CryptoTokenKit) [com.apple.CryptoTokenKit:APDULog] APDU -> 00 cb 3f ff 05 5c 03 ff f3 0b 00
2026-04-08 10:13:37.829012+0200 0x133abde  Default     0x7976f3             21374  0    usbsmartcardreaderd: (CryptoTokenKit) [com.apple.CryptoTokenKit:APDULog] APDU <- 6a 80
2026-04-08 10:13:37.829535+0200 0x133abde  Default     0x7976f3             21374  0    usbsmartcardreaderd: (CryptoTokenKit) [com.apple.CryptoTokenKit:APDULog] APDU -> 00 cb 3f ff 05 5c 03 ff f3 01 00
2026-04-08 10:13:37.861114+0200 0x133abde  Default     0x7976f3             21374  0    usbsmartcardreaderd: (CryptoTokenKit) [com.apple.CryptoTokenKit:APDULog] APDU <- 6a 80
2026-04-08 10:13:37.862040+0200 0x133abde  Default     0x7976f3             21374  0    usbsmartcardreaderd: (CryptoTokenKit) [com.apple.CryptoTokenKit:APDULog] APDU -> 00 cb 3f ff 05 5c 03 ff f3 0d 00
2026-04-08 10:13:37.892729+0200 0x133abde  Default     0x7976f3             21374  0    usbsmartcardreaderd: (CryptoTokenKit) [com.apple.CryptoTokenKit:APDULog] APDU <- 6a 80
2026-04-08 10:13:37.894892+0200 0x133abde  Default     0x7976f3             21374  0    usbsmartcardreaderd: (CryptoTokenKit) [com.apple.CryptoTokenKit:APDULog] APDU -> 81 cb df 30 08
2026-04-08 10:13:37.896458+0200 0x133abde  Default     0x7976f3             21374  0    usbsmartcardreaderd: (CryptoTokenKit) [com.apple.CryptoTokenKit:APDULog] APDU <- 68 81
2026-04-08 10:13:37.897389+0200 0x133abde  Default     0x7976f3             21374  0    usbsmartcardreaderd: (CryptoTokenKit) [com.apple.CryptoTokenKit:APDULog] APDU -> 01 a4 04 00 0b a0 00 00 03 08 00 00 10 00 02 00
2026-04-08 10:13:37.899927+0200 0x133abde  Default     0x7976f3             21374  0    usbsmartcardreaderd: (CryptoTokenKit) [com.apple.CryptoTokenKit:APDULog] APDU <- 90 00
2026-04-08 10:13:37.900396+0200 0x133abde  Default     0x7976f3             21374  0    usbsmartcardreaderd: (CryptoTokenKit) [com.apple.CryptoTokenKit:APDULog] APDU -> 81 cb df 30 08
2026-04-08 10:13:37.915756+0200 0x133abde  Default     0x7976f3             21374  0    usbsmartcardreaderd: (CryptoTokenKit) [com.apple.CryptoTokenKit:APDULog] APDU <- df 30 05 76 34 2e 30 30 90 00
2026-04-08 10:13:37.916464+0200 0x133abde  Default     0x7976f3             21374  0    usbsmartcardreaderd: (CryptoTokenKit) [com.apple.CryptoTokenKit:APDULog] APDU -> 81 cb 3f ff 05 4d 03 ff f3 51 00
2026-04-08 10:13:37.928151+0200 0x133abde  Default     0x7976f3             21374  0    usbsmartcardreaderd: (CryptoTokenKit) [com.apple.CryptoTokenKit:APDULog] APDU <- e2 20 a0 0a 8c 03 83 02 00 a1 03 83 02 00 83 02 f3 51 84 03 5f ff 01 8a 01 03 80 02 00 10 81 02 00 00 90 00
2026-04-08 10:13:37.929197+0200 0x133abde  Default     0x7976f3             21374  0    usbsmartcardreaderd: (CryptoTokenKit) [com.apple.CryptoTokenKit:APDULog] APDU -> 81 cb 3f ff 05 4d 03 ff 84 0b 00
2026-04-08 10:13:37.942183+0200 0x133abde  Default     0x7976f3             21374  0    usbsmartcardreaderd: (CryptoTokenKit) [com.apple.CryptoTokenKit:APDULog] APDU <- e2 15 a0 0d 8c 05 e3 00 00 02 ff a1 04 e2 ff ff ff 83 01 9b 8a 01 05 9a 01 10 9b 01 10 99 02 ff ff 9c 02 ff ff 80 01 08 90 00
2026-04-08 10:13:37.944689+0200 0x133abde  Default     0x7976f3             21374  0    usbsmartcardreaderd: (CryptoTokenKit) [com.apple.CryptoTokenKit:APDULog] APDU -> 81 cb 3f ff 05 4d 03 ff 81 80 00
2026-04-08 10:13:37.958332+0200 0x133abde  Default     0x7976f3             21374  0    usbsmartcardreaderd: (CryptoTokenKit) [com.apple.CryptoTokenKit:APDULog] APDU <- e2 10 a0 0b 8c 04 f0 00 00 00 a1 03 e0 07 07 83 01 80 9a 01 05 9b 01 05 99 01 ff 9c 01 ff 9d 01 81 9e 01 a5 91 14 00 06 08 01 aa 00 08 08 55 00 00 08 08 00 00 00 aa 00 00 00 90 00
2026-04-08 10:13:37.958889+0200 0x133abde  Default     0x7976f3             21374  0    usbsmartcardreaderd: (CryptoTokenKit) [com.apple.CryptoTokenKit:APDULog] APDU -> 81 cb 3f ff 05 4d 03 ff 81 81 00
2026-04-08 10:13:37.972337+0200 0x133abde  Default     0x7976f3             21374  0    usbsmartcardreaderd: (CryptoTokenKit) [com.apple.CryptoTokenKit:APDULog] APDU <- e2 0f a0 0a 8c 03 d0 00 ff a1 03 e0 ff ff 83 01 81 9a 01 05 9b 01 05 99 01 ff 9c 01 ff 9d 01 ff 9e 01 a5 91 14 00 08 08 00 aa 00 08 08 55 00 00 08 08 00 00 00 aa 00 00 00 90 00
2026-04-08 10:13:37.972844+0200 0x133abde  Default     0x7976f3             21374  0    usbsmartcardreaderd: (CryptoTokenKit) [com.apple.CryptoTokenKit:APDULog] APDU -> 81 cb df 39 04
2026-04-08 10:13:37.983073+0200 0x133abde  Default     0x7976f3             21374  0    usbsmartcardreaderd: (CryptoTokenKit) [com.apple.CryptoTokenKit:APDULog] APDU <- 00 01 af e8 90 00
2026-04-08 10:13:37.985042+0200 0x133abde  Default     0x7976f3             21374  0    usbsmartcardreaderd: (CryptoTokenKit) [com.apple.CryptoTokenKit:APDULog] APDU -> 02 a4 04 00
2026-04-08 10:13:37.994803+0200 0x133abde  Default     0x7976f3             21374  0    usbsmartcardreaderd: (CryptoTokenKit) [com.apple.CryptoTokenKit:APDULog] APDU <- 6f 67 84 08 a0 00 00 00 03 00 00 00 a5 5b 73 4c 06 07 2a 86 48 86 fc 6b 01 60 0c 06 0a 2a 86 48 86 fc 6b 02 02 02 01 63 09 06 07 2a 86 48 86 fc 6b 03 64 0b 06 09 2a 86 48 86 fc 6b 04 03 10 65 0d 06 0b 2a 86 48 86 fc 6b 05 07 02 00 00 66 0c 06 0a 2b 06 01 04 01 2a 02 6e 01 03 9f 6e 06 19 81 12 21 05 00 9f 65 01 ff 90 00
2026-04-08 10:13:37.995235+0200 0x133abde  Default     0x7976f3             21374  0    usbsmartcardreaderd: (CryptoTokenKit) [com.apple.CryptoTokenKit:APDULog] APDU -> 82 ca 01 04 00
2026-04-08 10:13:37.999110+0200 0x133abde  Default     0x7976f3             21374  0    usbsmartcardreaderd: (CryptoTokenKit) [com.apple.CryptoTokenKit:APDULog] APDU <- 01 04 08 35 34 38 54 50 4b 37 33 90 00
2026-04-08 10:13:37.999754+0200 0x133abde  Default     0x7976f3             21374  0    usbsmartcardreaderd: (CryptoTokenKit) [com.apple.CryptoTokenKit:APDULog] APDU -> 81 cb 3f ff 05 4d 03 ff 81 80 00
2026-04-08 10:13:38.013387+0200 0x133abde  Default     0x7976f3             21374  0    usbsmartcardreaderd: (CryptoTokenKit) [com.apple.CryptoTokenKit:APDULog] APDU <- e2 10 a0 0b 8c 04 f0 00 00 00 a1 03 e0 07 07 83 01 80 9a 01 05 9b 01 05 99 01 ff 9c 01 ff 9d 01 81 9e 01 a5 91 14 00 06 08 01 aa 00 08 08 55 00 00 08 08 00 00 00 aa 00 00 00 90 00
2026-04-08 10:13:38.014376+0200 0x133abde  Default     0x7976f3             21374  0    usbsmartcardreaderd: (CryptoTokenKit) [com.apple.CryptoTokenKit:APDULog] APDU -> 81 cb 3f ff 05 4d 03 ff 84 0b 00
2026-04-08 10:13:38.027245+0200 0x133abde  Default     0x7976f3             21374  0    usbsmartcardreaderd: (CryptoTokenKit) [com.apple.CryptoTokenKit:APDULog] APDU <- e2 15 a0 0d 8c 05 e3 00 00 02 ff a1 04 e2 ff ff ff 83 01 9b 8a 01 05 9a 01 10 9b 01 10 99 02 ff ff 9c 02 ff ff 80 01 08 90 00
2026-04-08 10:13:38.028186+0200 0x133abde  Default     0x7976f3             21374  0    usbsmartcardreaderd: (CryptoTokenKit) [com.apple.CryptoTokenKit:APDULog] APDU -> 81 cb df 34 00
2026-04-08 10:13:38.061251+0200 0x133abde  Default     0x7976f3             21374  0    usbsmartcardreaderd: (CryptoTokenKit) [com.apple.CryptoTokenKit:APDULog] APDU <- ff f3 44 ff f3 43 ff f3 42 ff f3 41 ff f3 40 ff f3 73 ff f3 72 ff f3 71 ff f3 70 ff f3 6f ff f3 6e ff f3 6d ff f3 6c ff f3 6b ff f3 6a ff f3 69 ff f3 68 ff f3 67 ff f3 66 ff f3 65 ff f3 64 ff f3 63 ff f3 62 ff f3 61 ff f3 60 ff f3 9e ff f3 9d ff f3 9c ff f3 9a ff f3 57 ff f3 56 ff f3 55 ff f3 54 ff f3 53 ff f3 52 ff f3 51 ff f3 04 ff f3 22 ff f3 0d ff f3 21 ff f3 20 ff f3 1f ff f3 1e ff f3 1d ff f3 1c ff f3 1b ff f3 1a ff f3 19 ff f3 18 ff f3 17 ff f3 16 ff f3 15 ff f3 14 ff f3 13 ff f3 12 ff f3 11 ff f3 10 ff f3 27 ff f3 0e ff f3 06 ff f3 01 ff f3 0b ff f3 0a ff f3 0f ff f3 08 ff f3 09 ff f3 03 ff f3 05 ff f3 02 ff f3 07 90 00
2026-04-08 10:13:38.061577+0200 0x133abde  Default     0x7976f3             21374  0    usbsmartcardreaderd: (CryptoTokenKit) [com.apple.CryptoTokenKit:APDULog] APDU -> 81 cb 3f ff 05 4d 03 ff f3 44 00
2026-04-08 10:13:38.071565+0200 0x133abde  Default     0x7976f3             21374  0    usbsmartcardreaderd: (CryptoTokenKit) [com.apple.CryptoTokenKit:APDULog] APDU <- e2 20 a0 0a 8c 03 83 02 00 a1 03 83 02 00 83 02 f3 84 84 03 5f ff 44 8a 01 03 80 02 7f fb 81 02 00 00 90 00
2026-04-08 10:13:38.071963+0200 0x133abde  Default     0x7976f3             21374  0    usbsmartcardreaderd: (CryptoTokenKit) [com.apple.CryptoTokenKit:APDULog] APDU -> 81 cb 3f ff 05 4d 03 ff f3 43 00
2026-04-08 10:13:38.081935+0200 0x133abde  Default     0x7976f3             21374  0    usbsmartcardreaderd: (CryptoTokenKit) [com.apple.CryptoTokenKit:APDULog] APDU <- e2 20 a0 0a 8c 03 83 02 00 a1 03 83 02 00 83 02 f3 83 84 03 5f ff 43 8a 01 03 80 02 7f fb 81 02 00 00 90 00
2026-04-08 10:13:38.082288+0200 0x133abde  Default     0x7976f3             21374  0    usbsmartcardreaderd: (CryptoTokenKit) [com.apple.CryptoTokenKit:APDULog] APDU -> 81 cb 3f ff 05 4d 03 ff f3 42 00
2026-04-08 10:13:38.092370+0200 0x133abde  Default     0x7976f3             21374  0    usbsmartcardreaderd: (CryptoTokenKit) [com.apple.CryptoTokenKit:APDULog] APDU <- e2 20 a0 0a 8c 03 83 02 00 a1 03 83 02 00 83 02 f3 82 84 03 5f ff 42 8a 01 03 80 02 7f fb 81 02 00 00 90 00
2026-04-08 10:13:38.092837+0200 0x133abde  Default     0x7976f3             21374  0    usbsmartcardreaderd: (CryptoTokenKit) [com.apple.CryptoTokenKit:APDULog] APDU -> 81 cb 3f ff 05 4d 03 ff f3 41 00
2026-04-08 10:13:38.103178+0200 0x133abde  Default     0x7976f3             21374  0    usbsmartcardreaderd: (CryptoTokenKit) [com.apple.CryptoTokenKit:APDULog] APDU <- e2 20 a0 0a 8c 03 83 02 00 a1 03 83 02 00 83 02 f3 81 84 03 5f ff 41 8a 01 03 80 02 7f fb 81 02 00 00 90 00
2026-04-08 10:13:38.103636+0200 0x133abde  Default     0x7976f3             21374  0    usbsmartcardreaderd: (CryptoTokenKit) [com.apple.CryptoTokenKit:APDULog] APDU -> 81 cb 3f ff 05 4d 03 ff f3 40 00
2026-04-08 10:13:38.113789+0200 0x133abde  Default     0x7976f3             21374  0    usbsmartcardreaderd: (CryptoTokenKit) [com.apple.CryptoTokenKit:APDULog] APDU <- e2 20 a0 0a 8c 03 83 02 00 a1 03 83 02 00 83 02 f3 80 84 03 5f ff 40 8a 01 03 80 02 7f fb 81 02 00 00 90 00
2026-04-08 10:13:38.114269+0200 0x133abde  Default     0x7976f3             21374  0    usbsmartcardreaderd: (CryptoTokenKit) [com.apple.CryptoTokenKit:APDULog] APDU -> 81 cb 3f ff 05 4d 03 ff f3 73 00
2026-04-08 10:13:38.124540+0200 0x133abde  Default     0x7976f3             21374  0    usbsmartcardreaderd: (CryptoTokenKit) [com.apple.CryptoTokenKit:APDULog] APDU <- e2 20 a0 0a 8c 03 83 02 00 a1 03 83 02 00 83 02 f3 73 84 03 5f ff 33 8a 01 03 80 02 7f fb 81 02 00 00 90 00
2026-04-08 10:13:38.125095+0200 0x133abde  Default     0x7976f3             21374  0    usbsmartcardreaderd: (CryptoTokenKit) [com.apple.CryptoTokenKit:APDULog] APDU -> 81 cb 3f ff 05 4d 03 ff f3 72 00
2026-04-08 10:13:38.135383+0200 0x133abde  Default     0x7976f3             21374  0    usbsmartcardreaderd: (CryptoTokenKit) [com.apple.CryptoTokenKit:APDULog] APDU <- e2 20 a0 0a 8c 03 83 02 00 a1 03 83 02 00 83 02 f3 72 84 03 5f ff 32 8a 01 03 80 02 7f fb 81 02 00 00 90 00
2026-04-08 10:13:38.136065+0200 0x133abde  Default     0x7976f3             21374  0    usbsmartcardreaderd: (CryptoTokenKit) [com.apple.CryptoTokenKit:APDULog] APDU -> 81 cb 3f ff 05 4d 03 ff f3 71 00
2026-04-08 10:13:38.146581+0200 0x133abde  Default     0x7976f3             21374  0    usbsmartcardreaderd: (CryptoTokenKit) [com.apple.CryptoTokenKit:APDULog] APDU <- e2 20 a0 0a 8c 03 83 02 00 a1 03 83 02 00 83 02 f3 71 84 03 5f ff 31 8a 01 03 80 02 7f fb 81 02 00 00 90 00
2026-04-08 10:13:38.147574+0200 0x133abde  Default     0x7976f3             21374  0    usbsmartcardreaderd: (CryptoTokenKit) [com.apple.CryptoTokenKit:APDULog] APDU -> 81 cb 3f ff 05 4d 03 ff f3 70 00
2026-04-08 10:13:38.158000+0200 0x133abde  Default     0x7976f3             21374  0    usbsmartcardreaderd: (CryptoTokenKit) [com.apple.CryptoTokenKit:APDULog] APDU <- e2 20 a0 0a 8c 03 83 02 00 a1 03 83 02 00 83 02 f3 70 84 03 5f ff 30 8a 01 03 80 02 7f fb 81 02 00 00 90 00
2026-04-08 10:13:38.158533+0200 0x133abde  Default     0x7976f3             21374  0    usbsmartcardreaderd: (CryptoTokenKit) [com.apple.CryptoTokenKit:APDULog] APDU -> 81 cb 3f ff 05 4d 03 ff f3 6f 00
2026-04-08 10:13:38.169265+0200 0x133abde  Default     0x7976f3             21374  0    usbsmartcardreaderd: (CryptoTokenKit) [com.apple.CryptoTokenKit:APDULog] APDU <- e2 20 a0 0a 8c 03 83 02 00 a1 03 83 02 00 83 02 f3 6f 84 03 5f ff 2f 8a 01 03 80 02 7f fb 81 02 00 00 90 00
2026-04-08 10:13:38.170282+0200 0x133abde  Default     0x7976f3             21374  0    usbsmartcardreaderd: (CryptoTokenKit) [com.apple.CryptoTokenKit:APDULog] APDU -> 81 cb 3f ff 05 4d 03 ff f3 6e 00
2026-04-08 10:13:38.180770+0200 0x133abde  Default     0x7976f3             21374  0    usbsmartcardreaderd: (CryptoTokenKit) [com.apple.CryptoTokenKit:APDULog] APDU <- e2 20 a0 0a 8c 03 83 02 00 a1 03 83 02 00 83 02 f3 6e 84 03 5f ff 2e 8a 01 03 80 02 7f fb 81 02 00 00 90 00
2026-04-08 10:13:38.181351+0200 0x133abde  Default     0x7976f3             21374  0    usbsmartcardreaderd: (CryptoTokenKit) [com.apple.CryptoTokenKit:APDULog] APDU -> 81 cb 3f ff 05 4d 03 ff f3 6d 00
2026-04-08 10:13:38.191859+0200 0x133abde  Default     0x7976f3             21374  0    usbsmartcardreaderd: (CryptoTokenKit) [com.apple.CryptoTokenKit:APDULog] APDU <- e2 20 a0 0a 8c 03 83 02 00 a1 03 83 02 00 83 02 f3 6d 84 03 5f ff 2d 8a 01 03 80 02 7f fb 81 02 00 00 90 00
2026-04-08 10:13:38.192413+0200 0x133abde  Default     0x7976f3             21374  0    usbsmartcardreaderd: (CryptoTokenKit) [com.apple.CryptoTokenKit:APDULog] APDU -> 81 cb 3f ff 05 4d 03 ff f3 6c 00
2026-04-08 10:13:38.203145+0200 0x133abde  Default     0x7976f3             21374  0    usbsmartcardreaderd: (CryptoTokenKit) [com.apple.CryptoTokenKit:APDULog] APDU <- e2 20 a0 0a 8c 03 83 02 00 a1 03 83 02 00 83 02 f3 6c 84 03 5f ff 2c 8a 01 03 80 02 7f fb 81 02 00 00 90 00
2026-04-08 10:13:38.203915+0200 0x133abde  Default     0x7976f3             21374  0    usbsmartcardreaderd: (CryptoTokenKit) [com.apple.CryptoTokenKit:APDULog] APDU -> 81 cb 3f ff 05 4d 03 ff f3 6b 00
2026-04-08 10:13:38.214571+0200 0x133abde  Default     0x7976f3             21374  0    usbsmartcardreaderd: (CryptoTokenKit) [com.apple.CryptoTokenKit:APDULog] APDU <- e2 20 a0 0a 8c 03 83 02 00 a1 03 83 02 00 83 02 f3 6b 84 03 5f ff 2b 8a 01 03 80 02 7f fb 81 02 00 00 90 00
2026-04-08 10:13:38.215381+0200 0x133abde  Default     0x7976f3             21374  0    usbsmartcardreaderd: (CryptoTokenKit) [com.apple.CryptoTokenKit:APDULog] APDU -> 81 cb 3f ff 05 4d 03 ff f3 6a 00
2026-04-08 10:13:38.226038+0200 0x133abde  Default     0x7976f3             21374  0    usbsmartcardreaderd: (CryptoTokenKit) [com.apple.CryptoTokenKit:APDULog] APDU <- e2 20 a0 0a 8c 03 83 02 00 a1 03 83 02 00 83 02 f3 6a 84 03 5f ff 2a 8a 01 03 80 02 7f fb 81 02 00 00 90 00
2026-04-08 10:13:38.226593+0200 0x133abde  Default     0x7976f3             21374  0    usbsmartcardreaderd: (CryptoTokenKit) [com.apple.CryptoTokenKit:APDULog] APDU -> 81 cb 3f ff 05 4d 03 ff f3 69 00
2026-04-08 10:13:38.237423+0200 0x133abde  Default     0x7976f3             21374  0    usbsmartcardreaderd: (CryptoTokenKit) [com.apple.CryptoTokenKit:APDULog] APDU <- e2 20 a0 0a 8c 03 83 02 00 a1 03 83 02 00 83 02 f3 69 84 03 5f ff 29 8a 01 03 80 02 7f fb 81 02 00 00 90 00
2026-04-08 10:13:38.238417+0200 0x133abde  Default     0x7976f3             21374  0    usbsmartcardreaderd: (CryptoTokenKit) [com.apple.CryptoTokenKit:APDULog] APDU -> 81 cb 3f ff 05 4d 03 ff f3 68 00
2026-04-08 10:13:38.249200+0200 0x133abde  Default     0x7976f3             21374  0    usbsmartcardreaderd: (CryptoTokenKit) [com.apple.CryptoTokenKit:APDULog] APDU <- e2 20 a0 0a 8c 03 83 02 00 a1 03 83 02 00 83 02 f3 68 84 03 5f ff 28 8a 01 03 80 02 7f fb 81 02 00 00 90 00
2026-04-08 10:13:38.249924+0200 0x133abde  Default     0x7976f3             21374  0    usbsmartcardreaderd: (CryptoTokenKit) [com.apple.CryptoTokenKit:APDULog] APDU -> 81 cb 3f ff 05 4d 03 ff f3 67 00
2026-04-08 10:13:38.260647+0200 0x133abde  Default     0x7976f3             21374  0    usbsmartcardreaderd: (CryptoTokenKit) [com.apple.CryptoTokenKit:APDULog] APDU <- e2 20 a0 0a 8c 03 83 02 00 a1 03 83 02 00 83 02 f3 67 84 03 5f ff 27 8a 01 03 80 02 7f fb 81 02 00 00 90 00
2026-04-08 10:13:38.261093+0200 0x133abde  Default     0x7976f3             21374  0    usbsmartcardreaderd: (CryptoTokenKit) [com.apple.CryptoTokenKit:APDULog] APDU -> 81 cb 3f ff 05 4d 03 ff f3 66 00
2026-04-08 10:13:38.271942+0200 0x133abde  Default     0x7976f3             21374  0    usbsmartcardreaderd: (CryptoTokenKit) [com.apple.CryptoTokenKit:APDULog] APDU <- e2 20 a0 0a 8c 03 83 02 00 a1 03 83 02 00 83 02 f3 66 84 03 5f ff 26 8a 01 03 80 02 7f fb 81 02 00 00 90 00
2026-04-08 10:13:38.272687+0200 0x133abde  Default     0x7976f3             21374  0    usbsmartcardreaderd: (CryptoTokenKit) [com.apple.CryptoTokenKit:APDULog] APDU -> 81 cb 3f ff 05 4d 03 ff f3 65 00
2026-04-08 10:13:38.283583+0200 0x133abde  Default     0x7976f3             21374  0    usbsmartcardreaderd: (CryptoTokenKit) [com.apple.CryptoTokenKit:APDULog] APDU <- e2 20 a0 0a 8c 03 83 02 00 a1 03 83 02 00 83 02 f3 65 84 03 5f ff 25 8a 01 03 80 02 7f fb 81 02 00 00 90 00
2026-04-08 10:13:38.284187+0200 0x133abde  Default     0x7976f3             21374  0    usbsmartcardreaderd: (CryptoTokenKit) [com.apple.CryptoTokenKit:APDULog] APDU -> 81 cb 3f ff 05 4d 03 ff f3 64 00
2026-04-08 10:13:38.295153+0200 0x133abde  Default     0x7976f3             21374  0    usbsmartcardreaderd: (CryptoTokenKit) [com.apple.CryptoTokenKit:APDULog] APDU <- e2 20 a0 0a 8c 03 83 02 00 a1 03 83 02 00 83 02 f3 64 84 03 5f ff 24 8a 01 03 80 02 7f fb 81 02 00 00 90 00
2026-04-08 10:13:38.295776+0200 0x133abde  Default     0x7976f3             21374  0    usbsmartcardreaderd: (CryptoTokenKit) [com.apple.CryptoTokenKit:APDULog] APDU -> 81 cb 3f ff 05 4d 03 ff f3 63 00
2026-04-08 10:13:38.306692+0200 0x133abde  Default     0x7976f3             21374  0    usbsmartcardreaderd: (CryptoTokenKit) [com.apple.CryptoTokenKit:APDULog] APDU <- e2 20 a0 0a 8c 03 83 02 00 a1 03 83 02 00 83 02 f3 63 84 03 5f ff 23 8a 01 03 80 02 7f fb 81 02 00 00 90 00
2026-04-08 10:13:38.307379+0200 0x133abde  Default     0x7976f3             21374  0    usbsmartcardreaderd: (CryptoTokenKit) [com.apple.CryptoTokenKit:APDULog] APDU -> 81 cb 3f ff 05 4d 03 ff f3 62 00
2026-04-08 10:13:38.318518+0200 0x133abde  Default     0x7976f3             21374  0    usbsmartcardreaderd: (CryptoTokenKit) [com.apple.CryptoTokenKit:APDULog] APDU <- e2 20 a0 0a 8c 03 83 02 00 a1 03 83 02 00 83 02 f3 62 84 03 5f ff 22 8a 01 03 80 02 7f fb 81 02 00 00 90 00
2026-04-08 10:13:38.319233+0200 0x133abde  Default     0x7976f3             21374  0    usbsmartcardreaderd: (CryptoTokenKit) [com.apple.CryptoTokenKit:APDULog] APDU -> 81 cb 3f ff 05 4d 03 ff f3 61 00
2026-04-08 10:13:38.330359+0200 0x133abde  Default     0x7976f3             21374  0    usbsmartcardreaderd: (CryptoTokenKit) [com.apple.CryptoTokenKit:APDULog] APDU <- e2 20 a0 0a 8c 03 83 02 00 a1 03 83 02 00 83 02 f3 61 84 03 5f ff 21 8a 01 03 80 02 7f fb 81 02 00 00 90 00
2026-04-08 10:13:38.331550+0200 0x133abde  Default     0x7976f3             21374  0    usbsmartcardreaderd: (CryptoTokenKit) [com.apple.CryptoTokenKit:APDULog] APDU -> 81 cb 3f ff 05 4d 03 ff f3 60 00
2026-04-08 10:13:38.342705+0200 0x133abde  Default     0x7976f3             21374  0    usbsmartcardreaderd: (CryptoTokenKit) [com.apple.CryptoTokenKit:APDULog] APDU <- e2 20 a0 0a 8c 03 83 02 00 a1 03 83 02 00 83 02 f3 60 84 03 5f ff 20 8a 01 03 80 02 7f fb 81 02 00 00 90 00
2026-04-08 10:13:38.343258+0200 0x133abde  Default     0x7976f3             21374  0    usbsmartcardreaderd: (CryptoTokenKit) [com.apple.CryptoTokenKit:APDULog] APDU -> 81 cb 3f ff 05 4d 03 ff f3 9e 00
2026-04-08 10:13:38.354456+0200 0x133abde  Default     0x7976f3             21374  0    usbsmartcardreaderd: (CryptoTokenKit) [com.apple.CryptoTokenKit:APDULog] APDU <- e2 20 a0 0a 8c 03 83 02 00 a1 03 83 02 00 83 02 f3 9e 84 03 5f ff 9e 8a 01 03 80 02 7f fb 81 02 00 00 90 00
2026-04-08 10:13:38.355508+0200 0x133abde  Default     0x7976f3             21374  0    usbsmartcardreaderd: (CryptoTokenKit) [com.apple.CryptoTokenKit:APDULog] APDU -> 81 cb 3f ff 05 4d 03 ff f3 9d 00
2026-04-08 10:13:38.366691+0200 0x133abde  Default     0x7976f3             21374  0    usbsmartcardreaderd: (CryptoTokenKit) [com.apple.CryptoTokenKit:APDULog] APDU <- e2 20 a0 0a 8c 03 83 02 00 a1 03 83 02 00 83 02 f3 9d 84 03 5f ff 9d 8a 01 03 80 02 7f fb 81 02 00 00 90 00
2026-04-08 10:13:38.367251+0200 0x133abde  Default     0x7976f3             21374  0    usbsmartcardreaderd: (CryptoTokenKit) [com.apple.CryptoTokenKit:APDULog] APDU -> 81 cb 3f ff 05 4d 03 ff f3 9c 00
2026-04-08 10:13:38.378534+0200 0x133abde  Default     0x7976f3             21374  0    usbsmartcardreaderd: (CryptoTokenKit) [com.apple.CryptoTokenKit:APDULog] APDU <- e2 20 a0 0a 8c 03 83 02 00 a1 03 83 02 00 83 02 f3 9c 84 03 5f ff 9c 8a 01 03 80 02 7f fb 81 02 00 00 90 00
2026-04-08 10:13:38.379478+0200 0x133abde  Default     0x7976f3             21374  0    usbsmartcardreaderd: (CryptoTokenKit) [com.apple.CryptoTokenKit:APDULog] APDU -> 81 cb 3f ff 05 4d 03 ff f3 9a 00
2026-04-08 10:13:38.390731+0200 0x133abde  Default     0x7976f3             21374  0    usbsmartcardreaderd: (CryptoTokenKit) [com.apple.CryptoTokenKit:APDULog] APDU <- e2 20 a0 0a 8c 03 83 02 00 a1 03 83 02 00 83 02 f3 9a 84 03 5f ff 9a 8a 01 03 80 02 7f fb 81 02 00 00 90 00
2026-04-08 10:13:38.391449+0200 0x133abde  Default     0x7976f3             21374  0    usbsmartcardreaderd: (CryptoTokenKit) [com.apple.CryptoTokenKit:APDULog] APDU -> 81 cb 3f ff 05 4d 03 ff f3 57 00
2026-04-08 10:13:38.402952+0200 0x133abde  Default     0x7976f3             21374  0    usbsmartcardreaderd: (CryptoTokenKit) [com.apple.CryptoTokenKit:APDULog] APDU <- e2 20 a0 0a 8c 03 83 02 00 a1 03 83 02 00 83 02 f3 57 84 03 5f ff 14 8a 01 03 80 02 7f fb 81 02 00 00 90 00
2026-04-08 10:13:38.403963+0200 0x133abde  Default     0x7976f3             21374  0    usbsmartcardreaderd: (CryptoTokenKit) [com.apple.CryptoTokenKit:APDULog] APDU -> 81 cb 3f ff 05 4d 03 ff f3 56 00
2026-04-08 10:13:38.415469+0200 0x133abde  Default     0x7976f3             21374  0    usbsmartcardreaderd: (CryptoTokenKit) [com.apple.CryptoTokenKit:APDULog] APDU <- e2 20 a0 0a 8c 03 83 02 00 a1 03 83 02 00 83 02 f3 56 84 03 5f ff 13 8a 01 05 80 02 7f fb 81 02 00 08 90 00
2026-04-08 10:13:38.416099+0200 0x133abde  Default     0x7976f3             21374  0    usbsmartcardreaderd: (CryptoTokenKit) [com.apple.CryptoTokenKit:APDULog] APDU -> 81 cb 3f ff 05 4d 03 ff f3 55 00
2026-04-08 10:13:38.427551+0200 0x133abde  Default     0x7976f3             21374  0    usbsmartcardreaderd: (CryptoTokenKit) [com.apple.CryptoTokenKit:APDULog] APDU <- e2 20 a0 0a 8c 03 83 ff 00 a1 03 83 ff 00 83 02 f3 55 84 03 5f ff 12 8a 01 05 80 02 7f fb 81 02 00 3e 90 00
2026-04-08 10:13:38.428213+0200 0x133abde  Default     0x7976f3             21374  0    usbsmartcardreaderd: (CryptoTokenKit) [com.apple.CryptoTokenKit:APDULog] APDU -> 81 cb 3f ff 05 4d 03 ff f3 54 00
2026-04-08 10:13:38.439586+0200 0x133abde  Default     0x7976f3             21374  0    usbsmartcardreaderd: (CryptoTokenKit) [com.apple.CryptoTokenKit:APDULog] APDU <- e2 20 a0 0a 8c 03 83 02 00 a1 03 83 02 00 83 02 f3 54 84 03 5f ff 11 8a 01 03 80 02 7f fb 81 02 00 00 90 00
2026-04-08 10:13:38.440150+0200 0x133abde  Default     0x7976f3             21374  0    usbsmartcardreaderd: (CryptoTokenKit) [com.apple.CryptoTokenKit:APDULog] APDU -> 81 cb 3f ff 05 4d 03 ff f3 53 00
2026-04-08 10:13:38.451707+0200 0x133abde  Default     0x7976f3             21374  0    usbsmartcardreaderd: (CryptoTokenKit) [com.apple.CryptoTokenKit:APDULog] APDU <- e2 20 a0 0a 8c 03 83 02 00 a1 03 83 02 00 83 02 f3 53 84 03 5f ff 10 8a 01 03 80 02 7f fb 81 02 00 00 90 00
2026-04-08 10:13:38.452411+0200 0x133abde  Default     0x7976f3             21374  0    usbsmartcardreaderd: (CryptoTokenKit) [com.apple.CryptoTokenKit:APDULog] APDU -> 81 cb 3f ff 05 4d 03 ff f3 52 00
2026-04-08 10:13:38.463992+0200 0x133abde  Default     0x7976f3             21374  0    usbsmartcardreaderd: (CryptoTokenKit) [com.apple.CryptoTokenKit:APDULog] APDU <- e2 20 a0 0a 8c 03 83 02 00 a1 03 83 02 00 83 02 f3 52 84 03 5f ff 02 8a 01 03 80 02 00 10 81 02 00 00 90 00
2026-04-08 10:13:38.465214+0200 0x133abde  Default     0x7976f3             21374  0    usbsmartcardreaderd: (CryptoTokenKit) [com.apple.CryptoTokenKit:APDULog] APDU -> 81 cb 3f ff 05 4d 03 ff f3 04 00
2026-04-08 10:13:38.476820+0200 0x133abde  Default     0x7976f3             21374  0    usbsmartcardreaderd: (CryptoTokenKit) [com.apple.CryptoTokenKit:APDULog] APDU <- e2 1f a0 09 8c 03 83 02 00 a1 02 81 00 83 02 10 17 84 03 5f c1 22 8a 01 03 80 02 7f fb 81 02 00 00 90 00
2026-04-08 10:13:38.477508+0200 0x133abde  Default     0x7976f3             21374  0    usbsmartcardreaderd: (CryptoTokenKit) [com.apple.CryptoTokenKit:APDULog] APDU -> 81 cb 3f ff 05 4d 03 ff f3 22 00
2026-04-08 10:13:38.489090+0200 0x133abde  Default     0x7976f3             21374  0    usbsmartcardreaderd: (CryptoTokenKit) [com.apple.CryptoTokenKit:APDULog] APDU <- e2 1f a0 09 8c 03 83 02 01 a1 02 81 05 83 02 10 18 84 03 5f c1 23 8a 01 03 80 02 7f fb 81 02 00 00 90 00
2026-04-08 10:13:38.489733+0200 0x133abde  Default     0x7976f3             21374  0    usbsmartcardreaderd: (CryptoTokenKit) [com.apple.CryptoTokenKit:APDULog] APDU -> 81 cb 3f ff 05 4d 03 ff f3 0d 00
2026-04-08 10:13:38.501513+0200 0x133abde  Default     0x7976f3             21374  0    usbsmartcardreaderd: (CryptoTokenKit) [com.apple.CryptoTokenKit:APDULog] APDU <- e2 1f a0 09 8c 03 83 02 00 a1 02 81 07 83 02 60 60 84 03 5f c1 0c 8a 01 03 80 02 7f fb 81 02 00 00 90 00
2026-04-08 10:13:38.502187+0200 0x133abde  Default     0x7976f3             21374  0    usbsmartcardreaderd: (CryptoTokenKit) [com.apple.CryptoTokenKit:APDULog] APDU -> 81 cb 3f ff 05 4d 03 ff f3 21 00
2026-04-08 10:13:38.513979+0200 0x133abde  Default     0x7976f3             21374  0    usbsmartcardreaderd: (CryptoTokenKit) [com.apple.CryptoTokenKit:APDULog] APDU <- e2 1f a0 09 8c 03 83 02 00 a1 02 81 07 83 02 10 14 84 03 5f c1 20 8a 01 03 80 02 7f fb 81 02 00 00 90 00
2026-04-08 10:13:38.515155+0200 0x133abde  Default     0x7976f3             21374  0    usbsmartcardreaderd: (CryptoTokenKit) [com.apple.CryptoTokenKit:APDULog] APDU -> 81 cb 3f ff 05 4d 03 ff f3 20 00
2026-04-08 10:13:38.526885+0200 0x133abde  Default     0x7976f3             21374  0    usbsmartcardreaderd: (CryptoTokenKit) [com.apple.CryptoTokenKit:APDULog] APDU <- e2 1f a0 09 8c 03 83 02 00 a1 02 81 07 83 02 10 13 84 03 5f c1 1f 8a 01 03 80 02 7f fb 81 02 00 00 90 00
2026-04-08 10:13:38.527584+0200 0x133abde  Default     0x7976f3             21374  0    usbsmartcardreaderd: (CryptoTokenKit) [com.apple.CryptoTokenKit:APDULog] APDU -> 81 cb 3f ff 05 4d 03 ff f3 1f 00
2026-04-08 10:13:38.539314+0200 0x133abde  Default     0x7976f3             21374  0    usbsmartcardreaderd: (CryptoTokenKit) [com.apple.CryptoTokenKit:APDULog] APDU <- e2 1f a0 09 8c 03 83 02 00 a1 02 81 07 83 02 10 12 84 03 5f c1 1e 8a 01 03 80 02 7f fb 81 02 00 00 90 00
2026-04-08 10:13:38.539996+0200 0x133abde  Default     0x7976f3             21374  0    usbsmartcardreaderd: (CryptoTokenKit) [com.apple.CryptoTokenKit:APDULog] APDU -> 81 cb 3f ff 05 4d 03 ff f3 1e 00
2026-04-08 10:13:38.551901+0200 0x133abde  Default     0x7976f3             21374  0    usbsmartcardreaderd: (CryptoTokenKit) [com.apple.CryptoTokenKit:APDULog] APDU <- e2 1f a0 09 8c 03 83 02 00 a1 02 81 07 83 02 10 11 84 03 5f c1 1d 8a 01 03 80 02 7f fb 81 02 00 00 90 00
2026-04-08 10:13:38.552620+0200 0x133abde  Default     0x7976f3             21374  0    usbsmartcardreaderd: (CryptoTokenKit) [com.apple.CryptoTokenKit:APDULog] APDU -> 81 cb 3f ff 05 4d 03 ff f3 1d 00
2026-04-08 10:13:38.564568+0200 0x133abde  Default     0x7976f3             21374  0    usbsmartcardreaderd: (CryptoTokenKit) [com.apple.CryptoTokenKit:APDULog] APDU <- e2 1f a0 09 8c 03 83 02 00 a1 02 81 07 83 02 10 10 84 03 5f c1 1c 8a 01 03 80 02 7f fb 81 02 00 00 90 00
2026-04-08 10:13:38.565563+0200 0x133abde  Default     0x7976f3             21374  0    usbsmartcardreaderd: (CryptoTokenKit) [com.apple.CryptoTokenKit:APDULog] APDU -> 81 cb 3f ff 05 4d 03 ff f3 1c 00
2026-04-08 10:13:38.577452+0200 0x133abde  Default     0x7976f3             21374  0    usbsmartcardreaderd: (CryptoTokenKit) [com.apple.CryptoTokenKit:APDULog] APDU <- e2 1f a0 09 8c 03 83 02 00 a1 02 81 07 83 02 10 0f 84 03 5f c1 1b 8a 01 03 80 02 7f fb 81 02 00 00 90 00
2026-04-08 10:13:38.578182+0200 0x133abde  Default     0x7976f3             21374  0    usbsmartcardreaderd: (CryptoTokenKit) [com.apple.CryptoTokenKit:APDULog] APDU -> 81 cb 3f ff 05 4d 03 ff f3 1b 00
2026-04-08 10:13:38.590001+0200 0x133abde  Default     0x7976f3             21374  0    usbsmartcardreaderd: (CryptoTokenKit) [com.apple.CryptoTokenKit:APDULog] APDU <- e2 1f a0 09 8c 03 83 02 00 a1 02 81 07 83 02 10 0e 84 03 5f c1 1a 8a 01 03 80 02 7f fb 81 02 00 00 90 00
2026-04-08 10:13:38.590563+0200 0x133abde  Default     0x7976f3             21374  0    usbsmartcardreaderd: (CryptoTokenKit) [com.apple.CryptoTokenKit:APDULog] APDU -> 81 cb 3f ff 05 4d 03 ff f3 1a 00
2026-04-08 10:13:38.602451+0200 0x133abde  Default     0x7976f3             21374  0    usbsmartcardreaderd: (CryptoTokenKit) [com.apple.CryptoTokenKit:APDULog] APDU <- e2 1f a0 09 8c 03 83 02 00 a1 02 81 07 83 02 10 0d 84 03 5f c1 19 8a 01 03 80 02 7f fb 81 02 00 00 90 00
2026-04-08 10:13:38.603074+0200 0x133abde  Default     0x7976f3             21374  0    usbsmartcardreaderd: (CryptoTokenKit) [com.apple.CryptoTokenKit:APDULog] APDU -> 81 cb 3f ff 05 4d 03 ff f3 19 00
2026-04-08 10:13:38.615055+0200 0x133abde  Default     0x7976f3             21374  0    usbsmartcardreaderd: (CryptoTokenKit) [com.apple.CryptoTokenKit:APDULog] APDU <- e2 1f a0 09 8c 03 83 02 00 a1 02 81 07 83 02 10 0c 84 03 5f c1 18 8a 01 03 80 02 7f fb 81 02 00 00 90 00
2026-04-08 10:13:38.615701+0200 0x133abde  Default     0x7976f3             21374  0    usbsmartcardreaderd: (CryptoTokenKit) [com.apple.CryptoTokenKit:APDULog] APDU -> 81 cb 3f ff 05 4d 03 ff f3 18 00
2026-04-08 10:13:38.627718+0200 0x133abde  Default     0x7976f3             21374  0    usbsmartcardreaderd: (CryptoTokenKit) [com.apple.CryptoTokenKit:APDULog] APDU <- e2 1f a0 09 8c 03 83 02 00 a1 02 81 07 83 02 10 0b 84 03 5f c1 17 8a 01 03 80 02 7f fb 81 02 00 00 90 00
2026-04-08 10:13:38.628385+0200 0x133abde  Default     0x7976f3             21374  0    usbsmartcardreaderd: (CryptoTokenKit) [com.apple.CryptoTokenKit:APDULog] APDU -> 81 cb 3f ff 05 4d 03 ff f3 17 00
2026-04-08 10:13:38.640402+0200 0x133abde  Default     0x7976f3             21374  0    usbsmartcardreaderd: (CryptoTokenKit) [com.apple.CryptoTokenKit:APDULog] APDU <- e2 1f a0 09 8c 03 83 02 00 a1 02 81 07 83 02 10 0a 84 03 5f c1 16 8a 01 03 80 02 7f fb 81 02 00 00 90 00
2026-04-08 10:13:38.640968+0200 0x133abde  Default     0x7976f3             21374  0    usbsmartcardreaderd: (CryptoTokenKit) [com.apple.CryptoTokenKit:APDULog] APDU -> 81 cb 3f ff 05 4d 03 ff f3 16 00
2026-04-08 10:13:38.653015+0200 0x133abde  Default     0x7976f3             21374  0    usbsmartcardreaderd: (CryptoTokenKit) [com.apple.CryptoTokenKit:APDULog] APDU <- e2 1f a0 09 8c 03 83 02 00 a1 02 81 07 83 02 10 09 84 03 5f c1 15 8a 01 03 80 02 7f fb 81 02 00 00 90 00
2026-04-08 10:13:38.653708+0200 0x133abde  Default     0x7976f3             21374  0    usbsmartcardreaderd: (CryptoTokenKit) [com.apple.CryptoTokenKit:APDULog] APDU -> 81 cb 3f ff 05 4d 03 ff f3 15 00
2026-04-08 10:13:38.665819+0200 0x133abde  Default     0x7976f3             21374  0    usbsmartcardreaderd: (CryptoTokenKit) [com.apple.CryptoTokenKit:APDULog] APDU <- e2 1f a0 09 8c 03 83 02 00 a1 02 81 07 83 02 10 08 84 03 5f c1 14 8a 01 03 80 02 7f fb 81 02 00 00 90 00
2026-04-08 10:13:38.666406+0200 0x133abde  Default     0x7976f3             21374  0    usbsmartcardreaderd: (CryptoTokenKit) [com.apple.CryptoTokenKit:APDULog] APDU -> 81 cb 3f ff 05 4d 03 ff f3 14 00
2026-04-08 10:13:38.678546+0200 0x133abde  Default     0x7976f3             21374  0    usbsmartcardreaderd: (CryptoTokenKit) [com.apple.CryptoTokenKit:APDULog] APDU <- e2 1f a0 09 8c 03 83 02 00 a1 02 81 07 83 02 10 07 84 03 5f c1 13 8a 01 03 80 02 7f fb 81 02 00 00 90 00
2026-04-08 10:13:38.679223+0200 0x133abde  Default     0x7976f3             21374  0    usbsmartcardreaderd: (CryptoTokenKit) [com.apple.CryptoTokenKit:APDULog] APDU -> 81 cb 3f ff 05 4d 03 ff f3 13 00
2026-04-08 10:13:38.691487+0200 0x133abde  Default     0x7976f3             21374  0    usbsmartcardreaderd: (CryptoTokenKit) [com.apple.CryptoTokenKit:APDULog] APDU <- e2 1f a0 09 8c 03 83 02 00 a1 02 81 07 83 02 10 06 84 03 5f c1 12 8a 01 03 80 02 7f fb 81 02 00 00 90 00
2026-04-08 10:13:38.692096+0200 0x133abde  Default     0x7976f3             21374  0    usbsmartcardreaderd: (CryptoTokenKit) [com.apple.CryptoTokenKit:APDULog] APDU -> 81 cb 3f ff 05 4d 03 ff f3 12 00
2026-04-08 10:13:38.704380+0200 0x133abde  Default     0x7976f3             21374  0    usbsmartcardreaderd: (CryptoTokenKit) [com.apple.CryptoTokenKit:APDULog] APDU <- e2 1f a0 09 8c 03 83 02 00 a1 02 81 07 83 02 10 05 84 03 5f c1 11 8a 01 03 80 02 7f fb 81 02 00 00 90 00
2026-04-08 10:13:38.705361+0200 0x133abde  Default     0x7976f3             21374  0    usbsmartcardreaderd: (CryptoTokenKit) [com.apple.CryptoTokenKit:APDULog] APDU -> 81 cb 3f ff 05 4d 03 ff f3 11 00
2026-04-08 10:13:38.717829+0200 0x133abde  Default     0x7976f3             21374  0    usbsmartcardreaderd: (CryptoTokenKit) [com.apple.CryptoTokenKit:APDULog] APDU <- e2 1f a0 09 8c 03 83 02 00 a1 02 81 07 83 02 10 04 84 03 5f c1 10 8a 01 03 80 02 7f fb 81 02 00 00 90 00
2026-04-08 10:13:38.718540+0200 0x133abde  Default     0x7976f3             21374  0    usbsmartcardreaderd: (CryptoTokenKit) [com.apple.CryptoTokenKit:APDULog] APDU -> 81 cb 3f ff 05 4d 03 ff f3 10 00
2026-04-08 10:13:38.730872+0200 0x133abde  Default     0x7976f3             21374  0    usbsmartcardreaderd: (CryptoTokenKit) [com.apple.CryptoTokenKit:APDULog] APDU <- e2 1f a0 09 8c 03 83 02 00 a1 02 81 07 83 02 10 03 84 03 5f c1 0f 8a 01 03 80 02 7f fb 81 02 00 00 90 00
2026-04-08 10:13:38.731757+0200 0x133abde  Default     0x7976f3             21374  0    usbsmartcardreaderd: (CryptoTokenKit) [com.apple.CryptoTokenKit:APDULog] APDU -> 81 cb 3f ff 05 4d 03 ff f3 27 00
2026-04-08 10:13:38.744119+0200 0x133abde  Default     0x7976f3             21374  0    usbsmartcardreaderd: (CryptoTokenKit) [com.apple.CryptoTokenKit:APDULog] APDU <- e2 1f a0 09 8c 03 83 02 00 a1 02 81 07 83 02 10 02 84 03 5f c1 0e 8a 01 03 80 02 7f fb 81 02 00 00 90 00
2026-04-08 10:13:38.744597+0200 0x133abde  Default     0x7976f3             21374  0    usbsmartcardreaderd: (CryptoTokenKit) [com.apple.CryptoTokenKit:APDULog] APDU -> 81 cb 3f ff 05 4d 03 ff f3 0e 00
2026-04-08 10:13:38.756955+0200 0x133abde  Default     0x7976f3             21374  0    usbsmartcardreaderd: (CryptoTokenKit) [com.apple.CryptoTokenKit:APDULog] APDU <- e2 1f a0 09 8c 03 83 02 00 a1 02 81 07 83 02 10 01 84 03 5f c1 0d 8a 01 03 80 02 7f fb 81 02 00 00 90 00
2026-04-08 10:13:38.757548+0200 0x133abde  Default     0x7976f3             21374  0    usbsmartcardreaderd: (CryptoTokenKit) [com.apple.CryptoTokenKit:APDULog] APDU -> 81 cb 3f ff 05 4d 03 ff f3 06 00
2026-04-08 10:13:38.769987+0200 0x133abde  Default     0x7976f3             21374  0    usbsmartcardreaderd: (CryptoTokenKit) [com.apple.CryptoTokenKit:APDULog] APDU <- e2 1f a0 09 8c 03 83 02 00 a1 02 81 07 83 02 02 90 84 03 5f c1 06 8a 01 03 80 02 7f fb 81 02 00 00 90 00
2026-04-08 10:13:38.770419+0200 0x133abde  Default     0x7976f3             21374  0    usbsmartcardreaderd: (CryptoTokenKit) [com.apple.CryptoTokenKit:APDULog] APDU -> 81 cb 3f ff 05 4d 03 ff f3 01 00
2026-04-08 10:13:38.782796+0200 0x133abde  Default     0x7976f3             21374  0    usbsmartcardreaderd: (CryptoTokenKit) [com.apple.CryptoTokenKit:APDULog] APDU <- e2 1f a0 09 8c 03 83 02 00 a1 02 81 00 83 02 02 05 84 03 5f c1 01 8a 01 03 80 02 7f fb 81 02 00 00 90 00
2026-04-08 10:13:38.783210+0200 0x133abde  Default     0x7976f3             21374  0    usbsmartcardreaderd: (CryptoTokenKit) [com.apple.CryptoTokenKit:APDULog] APDU -> 81 cb 3f ff 05 4d 03 ff f3 0b 00
2026-04-08 10:13:38.795731+0200 0x133abde  Default     0x7976f3             21374  0    usbsmartcardreaderd: (CryptoTokenKit) [com.apple.CryptoTokenKit:APDULog] APDU <- e2 1f a0 09 8c 03 83 02 00 a1 02 81 07 83 02 01 02 84 03 5f c1 0b 8a 01 03 80 02 7f fb 81 02 00 4b 90 00
2026-04-08 10:13:38.796292+0200 0x133abde  Default     0x7976f3             21374  0    usbsmartcardreaderd: (CryptoTokenKit) [com.apple.CryptoTokenKit:APDULog] APDU -> 81 cb 3f ff 05 4d 03 ff f3 0a 00
2026-04-08 10:13:38.808840+0200 0x133abde  Default     0x7976f3             21374  0    usbsmartcardreaderd: (CryptoTokenKit) [com.apple.CryptoTokenKit:APDULog] APDU <- e2 1f a0 09 8c 03 83 02 00 a1 02 81 07 83 02 01 00 84 03 5f c1 0a 8a 01 03 80 02 7f fb 81 02 00 00 90 00
2026-04-08 10:13:38.809255+0200 0x133abde  Default     0x7976f3             21374  0    usbsmartcardreaderd: (CryptoTokenKit) [com.apple.CryptoTokenKit:APDULog] APDU -> 81 cb 3f ff 05 4d 03 ff f3 0f 00
2026-04-08 10:13:38.821774+0200 0x133abde  Default     0x7976f3             21374  0    usbsmartcardreaderd: (CryptoTokenKit) [com.apple.CryptoTokenKit:APDULog] APDU <- e2 1f a0 09 8c 03 83 02 01 a1 02 81 04 83 02 10 15 84 03 5f c1 21 8a 01 03 80 02 7f fb 81 02 00 00 90 00
2026-04-08 10:13:38.822215+0200 0x133abde  Default     0x7976f3             21374  0    usbsmartcardreaderd: (CryptoTokenKit) [com.apple.CryptoTokenKit:APDULog] APDU -> 81 cb 3f ff 05 4d 03 ff f3 08 00
2026-04-08 10:13:38.834847+0200 0x133abde  Default     0x7976f3             21374  0    usbsmartcardreaderd: (CryptoTokenKit) [com.apple.CryptoTokenKit:APDULog] APDU <- e2 1f a0 09 8c 03 83 02 01 a1 02 81 04 83 02 60 30 84 03 5f c1 08 8a 01 03 80 02 7f fb 81 02 00 00 90 00
2026-04-08 10:13:38.835272+0200 0x133abde  Default     0x7976f3             21374  0    usbsmartcardreaderd: (CryptoTokenKit) [com.apple.CryptoTokenKit:APDULog] APDU -> 81 cb 3f ff 05 4d 03 ff f3 09 00
2026-04-08 10:13:38.847860+0200 0x133abde  Default     0x7976f3             21374  0    usbsmartcardreaderd: (CryptoTokenKit) [com.apple.CryptoTokenKit:APDULog] APDU <- e2 1f a0 09 8c 03 83 02 01 a1 02 81 09 83 02 30 01 84 03 5f c1 09 8a 01 03 80 02 7f fb 81 02 00 00 90 00
2026-04-08 10:13:38.848265+0200 0x133abde  Default     0x7976f3             21374  0    usbsmartcardreaderd: (CryptoTokenKit) [com.apple.CryptoTokenKit:APDULog] APDU -> 81 cb 3f ff 05 4d 03 ff f3 03 00
2026-04-08 10:13:38.861190+0200 0x133abde  Default     0x7976f3             21374  0    usbsmartcardreaderd: (CryptoTokenKit) [com.apple.CryptoTokenKit:APDULog] APDU <- e2 1f a0 09 8c 03 83 02 01 a1 02 81 04 83 02 60 10 84 03 5f c1 03 8a 01 03 80 02 7f fb 81 02 00 00 90 00
2026-04-08 10:13:38.861924+0200 0x133abde  Default     0x7976f3             21374  0    usbsmartcardreaderd: (CryptoTokenKit) [com.apple.CryptoTokenKit:APDULog] APDU -> 81 cb 3f ff 05 4d 03 ff f3 05 00
2026-04-08 10:13:38.874726+0200 0x133abde  Default     0x7976f3             21374  0    usbsmartcardreaderd: (CryptoTokenKit) [com.apple.CryptoTokenKit:APDULog] APDU <- e2 1f a0 09 8c 03 83 02 00 a1 02 81 07 83 02 01 01 84 03 5f c1 05 8a 01 03 80 02 7f fb 81 02 00 4b 90 00
2026-04-08 10:13:38.875289+0200 0x133abde  Default     0x7976f3             21374  0    usbsmartcardreaderd: (CryptoTokenKit) [com.apple.CryptoTokenKit:APDULog] APDU -> 81 cb 3f ff 05 4d 03 ff f3 02 00
2026-04-08 10:13:38.888090+0200 0x133abde  Default     0x7976f3             21374  0    usbsmartcardreaderd: (CryptoTokenKit) [com.apple.CryptoTokenKit:APDULog] APDU <- e2 1f a0 09 8c 03 83 02 00 a1 02 81 00 83 02 30 00 84 03 5f c1 02 8a 01 05 80 02 7f fb 81 02 00 3b 90 00
2026-04-08 10:13:38.888777+0200 0x133abde  Default     0x7976f3             21374  0    usbsmartcardreaderd: (CryptoTokenKit) [com.apple.CryptoTokenKit:APDULog] APDU -> 81 cb 3f ff 05 4d 03 ff f3 07 00
2026-04-08 10:13:38.901613+0200 0x133abde  Default     0x7976f3             21374  0    usbsmartcardreaderd: (CryptoTokenKit) [com.apple.CryptoTokenKit:APDULog] APDU <- e2 1f a0 09 8c 03 83 02 00 a1 02 81 07 83 02 db 00 84 03 5f c1 07 8a 01 03 80 02 7f fb 81 02 00 00 90 00
2026-04-08 10:13:43.726174+0200 0x133abde  Default     0x0                  21374  0    usbsmartcardreaderd: (CryptoTokenKit) [com.apple.CryptoTokenKit:APDULog] APDU -> 00 cb 3f ff 03 5c 01 7e 00
2026-04-08 10:13:43.777644+0200 0x133abde  Default     0x0                  21374  0    usbsmartcardreaderd: (CryptoTokenKit) [com.apple.CryptoTokenKit:APDULog] APDU <- 7e 12 4f 0b a0 00 00 03 08 00 00 10 00 01 00 5f 2f 02 58 00 90 00
2026-04-08 10:13:43.778108+0200 0x133abde  Default     0x0                  21374  0    usbsmartcardreaderd: (CryptoTokenKit) [com.apple.CryptoTokenKit:APDULog] APDU -> 00 cb 3f ff 05 5c 03 ff f3 02 00
2026-04-08 10:13:43.829391+0200 0x133abde  Default     0x0                  21374  0    usbsmartcardreaderd: (CryptoTokenKit) [com.apple.CryptoTokenKit:APDULog] APDU <- 53 3b 30 19 d4 e7 39 da 73 9c ed 39 ce 73 9d 83 68 58 21 08 42 10 84 36 cf 08 d1 43 eb 34 10 c2 c5 67 da fd 79 a7 da a3 3c 98 d4 93 a2 5d 87 35 08 32 30 33 36 30 34 30 31 3e 00 fe 00 90 00
2026-04-08 10:13:43.830233+0200 0x133abde  Default     0x0                  21374  0    usbsmartcardreaderd: (CryptoTokenKit) [com.apple.CryptoTokenKit:APDULog] APDU -> 81 cb df 30 08
2026-04-08 10:13:43.843864+0200 0x133abde  Default     0x0                  21374  0    usbsmartcardreaderd: (CryptoTokenKit) [com.apple.CryptoTokenKit:APDULog] APDU <- df 30 05 76 34 2e 30 30 90 00
2026-04-08 10:13:43.844274+0200 0x133abde  Default     0x0                  21374  0    usbsmartcardreaderd: (CryptoTokenKit) [com.apple.CryptoTokenKit:APDULog] APDU -> 81 cb df 39 04
2026-04-08 10:13:43.854447+0200 0x133abde  Default     0x0                  21374  0    usbsmartcardreaderd: (CryptoTokenKit) [com.apple.CryptoTokenKit:APDULog] APDU <- 00 01 af e8 90 00
2026-04-08 10:13:43.855406+0200 0x133abde  Default     0x0                  21374  0    usbsmartcardreaderd: (CryptoTokenKit) [com.apple.CryptoTokenKit:APDULog] APDU -> 81 cb 3f ff 05 4d 03 ff 81 80 00
2026-04-08 10:13:43.869025+0200 0x133abde  Default     0x0                  21374  0    usbsmartcardreaderd: (CryptoTokenKit) [com.apple.CryptoTokenKit:APDULog] APDU <- e2 10 a0 0b 8c 04 f0 00 00 00 a1 03 e0 07 07 83 01 80 9a 01 05 9b 01 05 99 01 ff 9c 01 ff 9d 01 81 9e 01 a5 91 14 00 06 08 01 aa 00 08 08 55 00 00 08 08 00 00 00 aa 00 00 00 90 00
2026-04-08 10:13:43.869414+0200 0x133abde  Default     0x0                  21374  0    usbsmartcardreaderd: (CryptoTokenKit) [com.apple.CryptoTokenKit:APDULog] APDU -> 81 cb 3f ff 05 4d 03 ff 84 0b 00
2026-04-08 10:13:43.882259+0200 0x133abde  Default     0x0                  21374  0    usbsmartcardreaderd: (CryptoTokenKit) [com.apple.CryptoTokenKit:APDULog] APDU <- e2 15 a0 0d 8c 05 e3 00 00 02 ff a1 04 e2 ff ff ff 83 01 9b 8a 01 05 9a 01 10 9b 01 10 99 02 ff ff 9c 02 ff ff 80 01 08 90 00
2026-04-08 10:13:43.882944+0200 0x133abde  Default     0x0                  21374  0    usbsmartcardreaderd: (CryptoTokenKit) [com.apple.CryptoTokenKit:APDULog] APDU -> 00 87 08 9b 04 7c 02 81 00 00
2026-04-08 10:13:43.923012+0200 0x133abde  Default     0x0                  21374  0    usbsmartcardreaderd: (CryptoTokenKit) [com.apple.CryptoTokenKit:APDULog] APDU <- 7c 12 81 10 82 10 dc ea 0c da b2 c1 1d 55 04 ab a1 f0 aa 54 90 00
2026-04-08 10:13:43.923472+0200 0x133abde  Default     0x0                  21374  0    usbsmartcardreaderd: (CryptoTokenKit) [com.apple.CryptoTokenKit:APDULog] APDU -> 00 87 08 9b 14 7c 12 82 10 6f 83 83 4d 92 ce 65 48 bf 08 08 8f e0 ed 23 7b 00
2026-04-08 10:13:43.989802+0200 0x133abde  Default     0x0                  21374  0    usbsmartcardreaderd: (CryptoTokenKit) [com.apple.CryptoTokenKit:APDULog] APDU <- 90 00
2026-04-08 10:13:43.992264+0200 0x133abde  Default     0x0                  21374  0    usbsmartcardreaderd: (CryptoTokenKit) [com.apple.CryptoTokenKit:APDULog] APDU -> 00 87 08 9b 04 7c 02 81 00 00
2026-04-08 10:13:44.051628+0200 0x133abde  Default     0x0                  21374  0    usbsmartcardreaderd: (CryptoTokenKit) [com.apple.CryptoTokenKit:APDULog] APDU <- 7c 12 81 10 91 cb c9 89 73 27 f7 5f 34 1e 01 c0 96 f6 c0 08 90 00
2026-04-08 10:13:44.051999+0200 0x133abde  Default     0x0                  21374  0    usbsmartcardreaderd: (CryptoTokenKit) [com.apple.CryptoTokenKit:APDULog] APDU -> 00 87 08 9b 14 7c 12 82 10 f9 60 a8 4d ef 79 7d 18 51 ed 59 c3 b5 3f 8c e6 00
2026-04-08 10:13:44.115429+0200 0x133abde  Default     0x0                  21374  0    usbsmartcardreaderd: (CryptoTokenKit) [com.apple.CryptoTokenKit:APDULog] APDU <- 90 00
2026-04-08 10:13:44.115831+0200 0x133abde  Default     0x0                  21374  0    usbsmartcardreaderd: (CryptoTokenKit) [com.apple.CryptoTokenKit:APDULog] APDU -> 81 cb 3f ff 05 4d 03 ff 90 0a 00
2026-04-08 10:13:44.137505+0200 0x133abde  Default     0x0                  21374  0    usbsmartcardreaderd: (CryptoTokenKit) [com.apple.CryptoTokenKit:APDULog] APDU <- e2 16 a0 0e 8c 06 eb 01 01 02 02 00 a1 04 e1 09 09 00 83 01 9a 8a 01 03 99 02 ff ff 9c 02 ff ff 80 01 ff 9d 01 00 90 00
2026-04-08 10:13:44.138102+0200 0x133abde  Default     0x0                  21374  0    usbsmartcardreaderd: (CryptoTokenKit) [com.apple.CryptoTokenKit:APDULog] APDU -> 00 db 3f ff 2d 5c 03 ff 90 0a 7f 49 25 80 01 11 81 20 ff ff ff ff 00 00 00 01 00 00 00 00 00 00 00 00 00 00 00 00 ff ff ff ff ff ff ff ff ff ff ff ff 00
2026-04-08 10:13:44.501231+0200 0x133abde  Default     0x0                  21374  0    usbsmartcardreaderd: (CryptoTokenKit) [com.apple.CryptoTokenKit:APDULog] APDU <- 90 00
2026-04-08 10:13:44.501600+0200 0x133abde  Default     0x0                  21374  0    usbsmartcardreaderd: (CryptoTokenKit) [com.apple.CryptoTokenKit:APDULog] APDU -> 00 db 3f ff 2d 5c 03 ff 90 0a 7f 49 25 80 01 11 82 20 ff ff ff ff 00 00 00 01 00 00 00 00 00 00 00 00 00 00 00 00 ff ff ff ff ff ff ff ff ff ff ff fc 00
2026-04-08 10:13:44.647834+0200 0x133abde  Default     0x0                  21374  0    usbsmartcardreaderd: (CryptoTokenKit) [com.apple.CryptoTokenKit:APDULog] APDU <- 90 00
2026-04-08 10:13:44.648342+0200 0x133abde  Default     0x0                  21374  0    usbsmartcardreaderd: (CryptoTokenKit) [com.apple.CryptoTokenKit:APDULog] APDU -> 00 db 3f ff 2d 5c 03 ff 90 0a 7f 49 25 80 01 11 83 20 5a c6 35 d8 aa 3a 93 e7 b3 eb bd 55 76 98 86 bc 65 1d 06 b0 cc 53 b0 f6 3b ce 3c 3e 27 d2 60 4b 00
2026-04-08 10:13:44.794647+0200 0x133abde  Default     0x0                  21374  0    usbsmartcardreaderd: (CryptoTokenKit) [com.apple.CryptoTokenKit:APDULog] APDU <- 90 00
2026-04-08 10:13:44.795137+0200 0x133abde  Default     0x0                  21374  0    usbsmartcardreaderd: (CryptoTokenKit) [com.apple.CryptoTokenKit:APDULog] APDU -> 00 db 3f ff 4e 5c 03 ff 90 0a 7f 49 46 80 01 11 84 41 04 6b 17 d1 f2 e1 2c 42 47 f8 bc e6 e5 63 a4 40 f2 77 03 7d 81 2d eb 33 a0 f4 a1 39 45 d8 98 c2 96 4f e3 42 e2 fe 1a 7f 9b 8e e7 eb 4a 7c 0f 9e 16 2b ce 33 57 6b 31 5e ce cb b6 40 68 37 bf 51 f5 00
2026-04-08 10:13:44.950463+0200 0x133abde  Default     0x0                  21374  0    usbsmartcardreaderd: (CryptoTokenKit) [com.apple.CryptoTokenKit:APDULog] APDU <- 90 00
2026-04-08 10:13:44.950848+0200 0x133abde  Default     0x0                  21374  0    usbsmartcardreaderd: (CryptoTokenKit) [com.apple.CryptoTokenKit:APDULog] APDU -> 00 db 3f ff 2d 5c 03 ff 90 0a 7f 49 25 80 01 11 85 20 ff ff ff ff 00 00 00 00 ff ff ff ff ff ff ff ff bc e6 fa ad a7 17 9e 84 f3 b9 ca c2 fc 63 25 51 00
2026-04-08 10:13:45.140543+0200 0x133abde  Default     0x0                  21374  0    usbsmartcardreaderd: (CryptoTokenKit) [com.apple.CryptoTokenKit:APDULog] APDU <- 90 00
2026-04-08 10:13:45.140940+0200 0x133abde  Default     0x0                  21374  0    usbsmartcardreaderd: (CryptoTokenKit) [com.apple.CryptoTokenKit:APDULog] APDU -> 00 db 3f ff 0f 5c 03 ff 90 0a 7f 49 07 80 01 11 87 02 00 01 00
2026-04-08 10:13:45.311256+0200 0x133abde  Default     0x0                  21374  0    usbsmartcardreaderd: (CryptoTokenKit) [com.apple.CryptoTokenKit:APDULog] APDU <- 90 00
2026-04-08 10:13:45.311634+0200 0x133abde  Default     0x0                  21374  0    usbsmartcardreaderd: (CryptoTokenKit) [com.apple.CryptoTokenKit:APDULog] APDU -> 00 47 00 9a 05 ac 03 80 01 11 00
2026-04-08 10:13:45.724491+0200 0x133abde  Default     0x0                  21374  0    usbsmartcardreaderd: (CryptoTokenKit) [com.apple.CryptoTokenKit:APDULog] APDU <- 7f 49 43 86 41 04 97 40 3f cf a6 08 15 f0 a5 9c 0b 3d 1f 0e 19 a1 d7 a0 2e 3a e7 25 f2 45 7e 7d 7c 01 4d 77 5a 8e 3a 1b 03 60 02 cb de 5e 85 f9 b2 b5 47 00 5a 93 4b b8 ce 4f 33 e6 27 0c 00 a8 ee 2a f2 56 3f 76 90 00
2026-04-08 10:13:45.724959+0200 0x133abde  Default     0x0                  21374  0    usbsmartcardreaderd: (CryptoTokenKit) [com.apple.CryptoTokenKit:APDULog] APDU -> 00 db 3f ff 52 5c 03 ff f3 05 53 4b 7f 49 43 86 41 04 97 40 3f cf a6 08 15 f0 a5 9c 0b 3d 1f 0e 19 a1 d7 a0 2e 3a e7 25 f2 45 7e 7d 7c 01 4d 77 5a 8e 3a 1b 03 60 02 cb de 5e 85 f9 b2 b5 47 00 5a 93 4b b8 ce 4f 33 e6 27 0c 00 a8 ee 2a f2 56 3f 76 71 01 00 fe 00 00
2026-04-08 10:13:45.897300+0200 0x133abde  Default     0x0                  21374  0    usbsmartcardreaderd: (CryptoTokenKit) [com.apple.CryptoTokenKit:APDULog] APDU <- 90 00
2026-04-08 10:13:45.898025+0200 0x133abde  Default     0x0                  21374  0    usbsmartcardreaderd: (CryptoTokenKit) [com.apple.CryptoTokenKit:APDULog] APDU -> 81 cb 3f ff 05 4d 03 ff 90 0a 00
2026-04-08 10:13:45.918071+0200 0x133abde  Default     0x0                  21374  0    usbsmartcardreaderd: (CryptoTokenKit) [com.apple.CryptoTokenKit:APDULog] APDU <- e2 16 a0 0e 8c 06 eb 01 01 02 02 00 a1 04 e1 09 09 00 83 01 9a 8a 01 05 99 02 ff ff 9c 02 ff ff 80 01 11 9d 01 55 90 00
2026-04-08 10:13:45.918594+0200 0x133abde  Default     0x0                  21374  0    usbsmartcardreaderd: (CryptoTokenKit) [com.apple.CryptoTokenKit:APDULog] APDU -> 00 cb 3f ff 05 5c 03 ff f3 05 00
2026-04-08 10:13:45.963127+0200 0x133abde  Default     0x0                  21374  0    usbsmartcardreaderd: (CryptoTokenKit) [com.apple.CryptoTokenKit:APDULog] APDU <- 53 4b 7f 49 43 86 41 04 97 40 3f cf a6 08 15 f0 a5 9c 0b 3d 1f 0e 19 a1 d7 a0 2e 3a e7 25 f2 45 7e 7d 7c 01 4d 77 5a 8e 3a 1b 03 60 02 cb de 5e 85 f9 b2 b5 47 00 5a 93 4b b8 ce 4f 33 e6 27 0c 00 a8 ee 2a f2 56 3f 76 71 01 00 fe 00 90 00
2026-04-08 10:13:45.971925+0200 0x133abde  Default     0x0                  21374  0    usbsmartcardreaderd: (CryptoTokenKit) [com.apple.CryptoTokenKit:APDULog] APDU -> 81 cb df 39 04
2026-04-08 10:13:45.989752+0200 0x133abde  Default     0x0                  21374  0    usbsmartcardreaderd: (CryptoTokenKit) [com.apple.CryptoTokenKit:APDULog] APDU <- 00 01 ac e4 90 00
2026-04-08 10:13:45.990584+0200 0x133abde  Default     0x0                  21374  0    usbsmartcardreaderd: (CryptoTokenKit) [com.apple.CryptoTokenKit:APDULog] APDU -> 81 cb 3f ff 05 4d 03 ff 81 80 00
2026-04-08 10:13:46.004188+0200 0x133abde  Default     0x0                  21374  0    usbsmartcardreaderd: (CryptoTokenKit) [com.apple.CryptoTokenKit:APDULog] APDU <- e2 10 a0 0b 8c 04 f0 00 00 00 a1 03 e0 07 07 83 01 80 9a 01 05 9b 01 05 99 01 ff 9c 01 ff 9d 01 81 9e 01 a5 91 14 00 06 08 01 aa 00 08 08 55 00 00 08 08 00 00 00 aa 00 00 00 90 00
2026-04-08 10:13:46.004686+0200 0x133abde  Default     0x0                  21374  0    usbsmartcardreaderd: (CryptoTokenKit) [com.apple.CryptoTokenKit:APDULog] APDU -> 81 cb 3f ff 05 4d 03 ff 84 0b 00
2026-04-08 10:13:46.017641+0200 0x133abde  Default     0x0                  21374  0    usbsmartcardreaderd: (CryptoTokenKit) [com.apple.CryptoTokenKit:APDULog] APDU <- e2 15 a0 0d 8c 05 e3 00 00 02 ff a1 04 e2 ff ff ff 83 01 9b 8a 01 05 9a 01 10 9b 01 10 99 02 ff ff 9c 02 ff ff 80 01 08 90 00
2026-04-08 10:13:46.018541+0200 0x133abde  Default     0x0                  21374  0    usbsmartcardreaderd: (CryptoTokenKit) [com.apple.CryptoTokenKit:APDULog] APDU -> 81 cb df 39 04
2026-04-08 10:13:46.028827+0200 0x133abde  Default     0x0                  21374  0    usbsmartcardreaderd: (CryptoTokenKit) [com.apple.CryptoTokenKit:APDULog] APDU <- 00 01 ac e4 90 00
2026-04-08 10:13:46.029910+0200 0x133abde  Default     0x0                  21374  0    usbsmartcardreaderd: (CryptoTokenKit) [com.apple.CryptoTokenKit:APDULog] APDU -> 81 cb 3f ff 05 4d 03 ff 81 80 00
2026-04-08 10:13:46.043477+0200 0x133abde  Default     0x0                  21374  0    usbsmartcardreaderd: (CryptoTokenKit) [com.apple.CryptoTokenKit:APDULog] APDU <- e2 10 a0 0b 8c 04 f0 00 00 00 a1 03 e0 07 07 83 01 80 9a 01 05 9b 01 05 99 01 ff 9c 01 ff 9d 01 81 9e 01 a5 91 14 00 06 08 01 aa 00 08 08 55 00 00 08 08 00 00 00 aa 00 00 00 90 00
2026-04-08 10:13:46.043875+0200 0x133abde  Default     0x0                  21374  0    usbsmartcardreaderd: (CryptoTokenKit) [com.apple.CryptoTokenKit:APDULog] APDU -> 81 cb 3f ff 05 4d 03 ff 84 0b 00
2026-04-08 10:13:46.056752+0200 0x133abde  Default     0x0                  21374  0    usbsmartcardreaderd: (CryptoTokenKit) [com.apple.CryptoTokenKit:APDULog] APDU <- e2 15 a0 0d 8c 05 e3 00 00 02 ff a1 04 e2 ff ff ff 83 01 9b 8a 01 05 9a 01 10 9b 01 10 99 02 ff ff 9c 02 ff ff 80 01 08 90 00
2026-04-08 10:13:46.057453+0200 0x133abde  Default     0x0                  21374  0    usbsmartcardreaderd: (CryptoTokenKit) [com.apple.CryptoTokenKit:APDULog] APDU -> 00 87 08 9b 04 7c 02 81 00 00
2026-04-08 10:13:46.095765+0200 0x133abde  Default     0x0                  21374  0    usbsmartcardreaderd: (CryptoTokenKit) [com.apple.CryptoTokenKit:APDULog] APDU <- 7c 12 81 10 81 cd 40 1a 15 6f ea 64 1f 3d 7b 44 d2 21 f6 4b 90 00
2026-04-08 10:13:46.096258+0200 0x133abde  Default     0x0                  21374  0    usbsmartcardreaderd: (CryptoTokenKit) [com.apple.CryptoTokenKit:APDULog] APDU -> 00 87 08 9b 04 7c 12 82 00 00
2026-04-08 10:13:46.133229+0200 0x133abde  Default     0x0                  21374  0    usbsmartcardreaderd: (CryptoTokenKit) [com.apple.CryptoTokenKit:APDULog] APDU <- 6a 80
2026-04-08 10:13:52.033148+0200 0x133abe4  Default     0x0                  21374  0    usbsmartcardreaderd: (CryptoTokenKit) [com.apple.CryptoTokenKit:APDULog] APDU -> 00 cb 3f ff 03 5c 01 7e 00
2026-04-08 10:13:52.092125+0200 0x133abe4  Default     0x0                  21374  0    usbsmartcardreaderd: (CryptoTokenKit) [com.apple.CryptoTokenKit:APDULog] APDU <- 7e 12 4f 0b a0 00 00 03 08 00 00 10 00 01 00 5f 2f 02 58 00 90 00
2026-04-08 10:13:52.092989+0200 0x133abe4  Default     0x0                  21374  0    usbsmartcardreaderd: (CryptoTokenKit) [com.apple.CryptoTokenKit:APDULog] APDU -> 81 cb df 30 08
2026-04-08 10:13:52.108376+0200 0x133abe4  Default     0x0                  21374  0    usbsmartcardreaderd: (CryptoTokenKit) [com.apple.CryptoTokenKit:APDULog] APDU <- df 30 05 76 34 2e 30 30 90 00
2026-04-08 10:13:52.108956+0200 0x133abe4  Default     0x0                  21374  0    usbsmartcardreaderd: (CryptoTokenKit) [com.apple.CryptoTokenKit:APDULog] APDU -> 81 cb df 39 04
2026-04-08 10:13:52.119460+0200 0x133abe4  Default     0x0                  21374  0    usbsmartcardreaderd: (CryptoTokenKit) [com.apple.CryptoTokenKit:APDULog] APDU <- 00 01 ac e4 90 00
2026-04-08 10:13:52.120994+0200 0x133abe4  Default     0x0                  21374  0    usbsmartcardreaderd: (CryptoTokenKit) [com.apple.CryptoTokenKit:APDULog] APDU -> 81 cb 3f ff 05 4d 03 ff 81 80 00
2026-04-08 10:13:52.134810+0200 0x133abe4  Default     0x0                  21374  0    usbsmartcardreaderd: (CryptoTokenKit) [com.apple.CryptoTokenKit:APDULog] APDU <- e2 10 a0 0b 8c 04 f0 00 00 00 a1 03 e0 07 07 83 01 80 9a 01 05 9b 01 05 99 01 ff 9c 01 ff 9d 01 81 9e 01 a5 91 14 00 06 08 01 aa 00 08 08 55 00 00 08 08 00 00 00 aa 00 00 00 90 00
2026-04-08 10:13:52.135498+0200 0x133abe4  Default     0x0                  21374  0    usbsmartcardreaderd: (CryptoTokenKit) [com.apple.CryptoTokenKit:APDULog] APDU -> 81 cb 3f ff 05 4d 03 ff 84 0b 00
2026-04-08 10:13:52.148465+0200 0x133abe4  Default     0x0                  21374  0    usbsmartcardreaderd: (CryptoTokenKit) [com.apple.CryptoTokenKit:APDULog] APDU <- e2 15 a0 0d 8c 05 e3 00 00 02 ff a1 04 e2 ff ff ff 83 01 9b 8a 01 05 9a 01 10 9b 01 10 99 02 ff ff 9c 02 ff ff 80 01 08 90 00
2026-04-08 10:13:52.149778+0200 0x133abe4  Default     0x0                  21374  0    usbsmartcardreaderd: (CryptoTokenKit) [com.apple.CryptoTokenKit:APDULog] APDU -> 00 87 08 9b 04 7c 02 81 00 00
2026-04-08 10:13:52.188217+0200 0x133abe4  Default     0x0                  21374  0    usbsmartcardreaderd: (CryptoTokenKit) [com.apple.CryptoTokenKit:APDULog] APDU <- 7c 12 81 10 b2 60 ed c0 54 32 6e 27 09 61 72 63 3c 09 aa b0 90 00
2026-04-08 10:13:52.189141+0200 0x133abe4  Default     0x0                  21374  0    usbsmartcardreaderd: (CryptoTokenKit) [com.apple.CryptoTokenKit:APDULog] APDU -> 00 87 08 9b 14 7c 12 82 10 d9 ee 59 db ce ec 8d 3e 4f e2 4d 7d 08 d5 8d 9f 00
2026-04-08 10:13:52.252723+0200 0x133abe4  Default     0x0                  21374  0    usbsmartcardreaderd: (CryptoTokenKit) [com.apple.CryptoTokenKit:APDULog] APDU <- 90 00
2026-04-08 10:13:52.255593+0200 0x133abe4  Default     0x0                  21374  0    usbsmartcardreaderd: (CryptoTokenKit) [com.apple.CryptoTokenKit:APDULog] APDU -> 00 87 08 9b 04 7c 02 81 00 00
2026-04-08 10:13:52.303249+0200 0x133abe4  Default     0x0                  21374  0    usbsmartcardreaderd: (CryptoTokenKit) [com.apple.CryptoTokenKit:APDULog] APDU <- 7c 12 81 10 ca 09 56 42 f8 f1 05 82 ba fd 88 05 db e7 6f f3 90 00
2026-04-08 10:13:52.304290+0200 0x133abe4  Default     0x0                  21374  0    usbsmartcardreaderd: (CryptoTokenKit) [com.apple.CryptoTokenKit:APDULog] APDU -> 00 87 08 9b 14 7c 12 82 10 5f 22 46 39 8a 69 1d 06 5c 77 57 de 41 5c bd 7f 00
2026-04-08 10:13:52.381756+0200 0x133abe4  Default     0x0                  21374  0    usbsmartcardreaderd: (CryptoTokenKit) [com.apple.CryptoTokenKit:APDULog] APDU <- 90 00
2026-04-08 10:13:52.382646+0200 0x133abe4  Default     0x0                  21374  0    usbsmartcardreaderd: (CryptoTokenKit) [com.apple.CryptoTokenKit:APDULog] APDU -> 81 cb 3f ff 05 4d 03 ff 90 0d 00
2026-04-08 10:13:52.402658+0200 0x133abe4  Default     0x0                  21374  0    usbsmartcardreaderd: (CryptoTokenKit) [com.apple.CryptoTokenKit:APDULog] APDU <- e2 16 a0 0e 8c 06 eb 01 01 02 02 00 a1 04 e1 09 09 00 83 01 9d 8a 01 03 99 02 ff ff 9c 02 ff ff 80 01 ff 9d 01 00 90 00
2026-04-08 10:13:52.404187+0200 0x133abe4  Default     0x0                  21374  0    usbsmartcardreaderd: (CryptoTokenKit) [com.apple.CryptoTokenKit:APDULog] APDU -> 00 db 3f ff 2d 5c 03 ff 90 0d 7f 49 25 80 01 11 81 20 ff ff ff ff 00 00 00 01 00 00 00 00 00 00 00 00 00 00 00 00 ff ff ff ff ff ff ff ff ff ff ff ff 00
2026-04-08 10:13:52.771284+0200 0x133abe4  Default     0x0                  21374  0    usbsmartcardreaderd: (CryptoTokenKit) [com.apple.CryptoTokenKit:APDULog] APDU <- 90 00
2026-04-08 10:13:52.772246+0200 0x133abe4  Default     0x0                  21374  0    usbsmartcardreaderd: (CryptoTokenKit) [com.apple.CryptoTokenKit:APDULog] APDU -> 00 db 3f ff 2d 5c 03 ff 90 0d 7f 49 25 80 01 11 82 20 ff ff ff ff 00 00 00 01 00 00 00 00 00 00 00 00 00 00 00 00 ff ff ff ff ff ff ff ff ff ff ff fc 00
2026-04-08 10:13:52.918518+0200 0x133abe4  Default     0x0                  21374  0    usbsmartcardreaderd: (CryptoTokenKit) [com.apple.CryptoTokenKit:APDULog] APDU <- 90 00
2026-04-08 10:13:52.919216+0200 0x133abe4  Default     0x0                  21374  0    usbsmartcardreaderd: (CryptoTokenKit) [com.apple.CryptoTokenKit:APDULog] APDU -> 00 db 3f ff 2d 5c 03 ff 90 0d 7f 49 25 80 01 11 83 20 5a c6 35 d8 aa 3a 93 e7 b3 eb bd 55 76 98 86 bc 65 1d 06 b0 cc 53 b0 f6 3b ce 3c 3e 27 d2 60 4b 00
2026-04-08 10:13:53.069229+0200 0x133abe4  Default     0x0                  21374  0    usbsmartcardreaderd: (CryptoTokenKit) [com.apple.CryptoTokenKit:APDULog] APDU <- 90 00
2026-04-08 10:13:53.069644+0200 0x133abe4  Default     0x0                  21374  0    usbsmartcardreaderd: (CryptoTokenKit) [com.apple.CryptoTokenKit:APDULog] APDU -> 00 db 3f ff 4e 5c 03 ff 90 0d 7f 49 46 80 01 11 84 41 04 6b 17 d1 f2 e1 2c 42 47 f8 bc e6 e5 63 a4 40 f2 77 03 7d 81 2d eb 33 a0 f4 a1 39 45 d8 98 c2 96 4f e3 42 e2 fe 1a 7f 9b 8e e7 eb 4a 7c 0f 9e 16 2b ce 33 57 6b 31 5e ce cb b6 40 68 37 bf 51 f5 00
2026-04-08 10:13:53.224799+0200 0x133abe4  Default     0x0                  21374  0    usbsmartcardreaderd: (CryptoTokenKit) [com.apple.CryptoTokenKit:APDULog] APDU <- 90 00
2026-04-08 10:13:53.225268+0200 0x133abe4  Default     0x0                  21374  0    usbsmartcardreaderd: (CryptoTokenKit) [com.apple.CryptoTokenKit:APDULog] APDU -> 00 db 3f ff 2d 5c 03 ff 90 0d 7f 49 25 80 01 11 85 20 ff ff ff ff 00 00 00 00 ff ff ff ff ff ff ff ff bc e6 fa ad a7 17 9e 84 f3 b9 ca c2 fc 63 25 51 00
2026-04-08 10:13:53.413618+0200 0x133abe4  Default     0x0                  21374  0    usbsmartcardreaderd: (CryptoTokenKit) [com.apple.CryptoTokenKit:APDULog] APDU <- 90 00
2026-04-08 10:13:53.414444+0200 0x133abe4  Default     0x0                  21374  0    usbsmartcardreaderd: (CryptoTokenKit) [com.apple.CryptoTokenKit:APDULog] APDU -> 00 db 3f ff 0f 5c 03 ff 90 0d 7f 49 07 80 01 11 87 02 00 01 00
2026-04-08 10:13:53.586604+0200 0x133abe4  Default     0x0                  21374  0    usbsmartcardreaderd: (CryptoTokenKit) [com.apple.CryptoTokenKit:APDULog] APDU <- 90 00
2026-04-08 10:13:53.587598+0200 0x133abe4  Default     0x0                  21374  0    usbsmartcardreaderd: (CryptoTokenKit) [com.apple.CryptoTokenKit:APDULog] APDU -> 00 47 00 9d 05 ac 03 80 01 11 00
2026-04-08 10:13:53.936951+0200 0x133abe4  Default     0x0                  21374  0    usbsmartcardreaderd: (CryptoTokenKit) [com.apple.CryptoTokenKit:APDULog] APDU <- 7f 49 43 86 41 04 7e 40 af 5e 9e 37 f3 f6 5c a2 17 1b b6 53 46 75 ae 9c d5 43 72 42 cf e6 27 64 ab 01 05 d6 2d 6b 99 f8 83 59 1b e5 cb 88 dc 91 73 e8 7c db 78 26 38 81 01 c2 d8 8e 1b 28 26 3a bc 9d 9d bb 23 6c 90 00
2026-04-08 10:13:53.938105+0200 0x133abe4  Default     0x0                  21374  0    usbsmartcardreaderd: (CryptoTokenKit) [com.apple.CryptoTokenKit:APDULog] APDU -> 00 db 3f ff 52 5c 03 ff f3 0b 53 4b 7f 49 43 86 41 04 7e 40 af 5e 9e 37 f3 f6 5c a2 17 1b b6 53 46 75 ae 9c d5 43 72 42 cf e6 27 64 ab 01 05 d6 2d 6b 99 f8 83 59 1b e5 cb 88 dc 91 73 e8 7c db 78 26 38 81 01 c2 d8 8e 1b 28 26 3a bc 9d 9d bb 23 6c 71 01 00 fe 00 00
2026-04-08 10:13:54.125517+0200 0x133abe4  Default     0x0                  21374  0    usbsmartcardreaderd: (CryptoTokenKit) [com.apple.CryptoTokenKit:APDULog] APDU <- 90 00
2026-04-08 10:13:54.126010+0200 0x133abe4  Default     0x0                  21374  0    usbsmartcardreaderd: (CryptoTokenKit) [com.apple.CryptoTokenKit:APDULog] APDU -> 81 cb 3f ff 05 4d 03 ff 90 0d 00
2026-04-08 10:13:54.145710+0200 0x133abe4  Default     0x0                  21374  0    usbsmartcardreaderd: (CryptoTokenKit) [com.apple.CryptoTokenKit:APDULog] APDU <- e2 16 a0 0e 8c 06 eb 01 01 02 02 00 a1 04 e1 09 09 00 83 01 9d 8a 01 05 99 02 ff ff 9c 02 ff ff 80 01 11 9d 01 55 90 00
2026-04-08 10:13:54.146069+0200 0x133abe4  Default     0x0                  21374  0    usbsmartcardreaderd: (CryptoTokenKit) [com.apple.CryptoTokenKit:APDULog] APDU -> 00 cb 3f ff 05 5c 03 ff f3 0b 00
2026-04-08 10:13:54.190309+0200 0x133abe4  Default     0x0                  21374  0    usbsmartcardreaderd: (CryptoTokenKit) [com.apple.CryptoTokenKit:APDULog] APDU <- 53 4b 7f 49 43 86 41 04 7e 40 af 5e 9e 37 f3 f6 5c a2 17 1b b6 53 46 75 ae 9c d5 43 72 42 cf e6 27 64 ab 01 05 d6 2d 6b 99 f8 83 59 1b e5 cb 88 dc 91 73 e8 7c db 78 26 38 81 01 c2 d8 8e 1b 28 26 3a bc 9d 9d bb 23 6c 71 01 00 fe 00 90 00
2026-04-08 10:13:54.193612+0200 0x133abe4  Default     0x0                  21374  0    usbsmartcardreaderd: (CryptoTokenKit) [com.apple.CryptoTokenKit:APDULog] APDU -> 81 cb df 39 04
2026-04-08 10:13:54.211469+0200 0x133abe4  Default     0x0                  21374  0    usbsmartcardreaderd: (CryptoTokenKit) [com.apple.CryptoTokenKit:APDULog] APDU <- 00 01 a9 e0 90 00
2026-04-08 10:13:54.212150+0200 0x133abe4  Default     0x0                  21374  0    usbsmartcardreaderd: (CryptoTokenKit) [com.apple.CryptoTokenKit:APDULog] APDU -> 81 cb 3f ff 05 4d 03 ff 81 80 00
2026-04-08 10:13:54.225724+0200 0x133abe4  Default     0x0                  21374  0    usbsmartcardreaderd: (CryptoTokenKit) [com.apple.CryptoTokenKit:APDULog] APDU <- e2 10 a0 0b 8c 04 f0 00 00 00 a1 03 e0 07 07 83 01 80 9a 01 05 9b 01 05 99 01 ff 9c 01 ff 9d 01 81 9e 01 a5 91 14 00 06 08 01 aa 00 08 08 55 00 00 08 08 00 00 00 aa 00 00 00 90 00
2026-04-08 10:13:54.226190+0200 0x133abe4  Default     0x0                  21374  0    usbsmartcardreaderd: (CryptoTokenKit) [com.apple.CryptoTokenKit:APDULog] APDU -> 81 cb 3f ff 05 4d 03 ff 84 0b 00
2026-04-08 10:13:54.239106+0200 0x133abe4  Default     0x0                  21374  0    usbsmartcardreaderd: (CryptoTokenKit) [com.apple.CryptoTokenKit:APDULog] APDU <- e2 15 a0 0d 8c 05 e3 00 00 02 ff a1 04 e2 ff ff ff 83 01 9b 8a 01 05 9a 01 10 9b 01 10 99 02 ff ff 9c 02 ff ff 80 01 08 90 00
2026-04-08 10:13:54.239964+0200 0x133abe4  Default     0x0                  21374  0    usbsmartcardreaderd: (CryptoTokenKit) [com.apple.CryptoTokenKit:APDULog] APDU -> 81 cb df 39 04
2026-04-08 10:13:54.250260+0200 0x133abe4  Default     0x0                  21374  0    usbsmartcardreaderd: (CryptoTokenKit) [com.apple.CryptoTokenKit:APDULog] APDU <- 00 01 a9 e0 90 00
2026-04-08 10:13:54.250979+0200 0x133abe4  Default     0x0                  21374  0    usbsmartcardreaderd: (CryptoTokenKit) [com.apple.CryptoTokenKit:APDULog] APDU -> 81 cb 3f ff 05 4d 03 ff 81 80 00
2026-04-08 10:13:54.264585+0200 0x133abe4  Default     0x0                  21374  0    usbsmartcardreaderd: (CryptoTokenKit) [com.apple.CryptoTokenKit:APDULog] APDU <- e2 10 a0 0b 8c 04 f0 00 00 00 a1 03 e0 07 07 83 01 80 9a 01 05 9b 01 05 99 01 ff 9c 01 ff 9d 01 81 9e 01 a5 91 14 00 06 08 01 aa 00 08 08 55 00 00 08 08 00 00 00 aa 00 00 00 90 00
2026-04-08 10:13:54.265024+0200 0x133abe4  Default     0x0                  21374  0    usbsmartcardreaderd: (CryptoTokenKit) [com.apple.CryptoTokenKit:APDULog] APDU -> 81 cb 3f ff 05 4d 03 ff 84 0b 00
2026-04-08 10:13:54.277920+0200 0x133abe4  Default     0x0                  21374  0    usbsmartcardreaderd: (CryptoTokenKit) [com.apple.CryptoTokenKit:APDULog] APDU <- e2 15 a0 0d 8c 05 e3 00 00 02 ff a1 04 e2 ff ff ff 83 01 9b 8a 01 05 9a 01 10 9b 01 10 99 02 ff ff 9c 02 ff ff 80 01 08 90 00
2026-04-08 10:13:54.278624+0200 0x133abe4  Default     0x0                  21374  0    usbsmartcardreaderd: (CryptoTokenKit) [com.apple.CryptoTokenKit:APDULog] APDU -> 00 87 08 9b 04 7c 02 81 00 00
2026-04-08 10:13:54.316959+0200 0x133abe4  Default     0x0                  21374  0    usbsmartcardreaderd: (CryptoTokenKit) [com.apple.CryptoTokenKit:APDULog] APDU <- 7c 12 81 10 aa 8d 83 c6 a4 5c 3b 3b e0 2b 24 c6 ab 8f e5 72 90 00
2026-04-08 10:13:54.317334+0200 0x133abe4  Default     0x0                  21374  0    usbsmartcardreaderd: (CryptoTokenKit) [com.apple.CryptoTokenKit:APDULog] APDU -> 00 87 08 9b 04 7c 12 82 00 00
2026-04-08 10:13:54.354299+0200 0x133abe4  Default     0x0                  21374  0    usbsmartcardreaderd: (CryptoTokenKit) [com.apple.CryptoTokenKit:APDULog] APDU <- 6a 80
